[2025-12-04 22:19:13,963] INFO Registered kafka:type=kafka.Log4jController MBean (kafka.utils.Log4jControllerRegistration$)
[2025-12-04 22:19:14,104] INFO Setting -D jdk.tls.rejectClientInitiatedRenegotiation=true to disable client-initiated TLS renegotiation (org.apache.zookeeper.common.X509Util)
[2025-12-04 22:19:14,120] INFO Registered signal handlers for TERM, INT, HUP (org.apache.kafka.common.utils.LoggingSignalHandler)
[2025-12-04 22:19:14,122] INFO starting (kafka.server.KafkaServer)
[2025-12-04 22:19:14,123] INFO Connecting to zookeeper on localhost:2181 (kafka.server.KafkaServer)
[2025-12-04 22:19:14,129] INFO [ZooKeeperClient Kafka server] Initializing a new session to localhost:2181. (kafka.zookeeper.ZooKeeperClient)
[2025-12-04 22:19:14,132] INFO Client environment:zookeeper.version=3.5.8-f439ca583e70862c3068a1f2a7d4d068eec33315, built on 05/04/2020 15:53 GMT (org.apache.zookeeper.ZooKeeper)
[2025-12-04 22:19:14,132] INFO Client environment:host.name=192.168.1.4 (org.apache.zookeeper.ZooKeeper)
[2025-12-04 22:19:14,132] INFO Client environment:java.version=23.0.2 (org.apache.zookeeper.ZooKeeper)
[2025-12-04 22:19:14,132] INFO Client environment:java.vendor=Azul Systems, Inc. (org.apache.zookeeper.ZooKeeper)
[2025-12-04 22:19:14,132] INFO Client environment:java.home=/Users/vishnu/Library/Java/JavaVirtualMachines/azul-23.0.2/Contents/Home (org.apache.zookeeper.ZooKeeper)
[2025-12-04 22:19:14,132] INFO Client environment:java.class.path=/Users/vishnu/IdeaProjects/kafka/bin/../libs/activation-1.1.1.jar:/Users/vishnu/IdeaProjects/kafka/bin/../libs/aopalliance-repackaged-2.5.0.jar:/Users/vishnu/IdeaProjects/kafka/bin/../libs/argparse4j-0.7.0.jar:/Users/vishnu/IdeaProjects/kafka/bin/../libs/audience-annotations-0.5.0.jar:/Users/vishnu/IdeaProjects/kafka/bin/../libs/commons-cli-1.4.jar:/Users/vishnu/IdeaProjects/kafka/bin/../libs/commons-lang3-3.8.1.jar:/Users/vishnu/IdeaProjects/kafka/bin/../libs/connect-api-2.5.1.jar:/Users/vishnu/IdeaProjects/kafka/bin/../libs/connect-basic-auth-extension-2.5.1.jar:/Users/vishnu/IdeaProjects/kafka/bin/../libs/connect-file-2.5.1.jar:/Users/vishnu/IdeaProjects/kafka/bin/../libs/connect-json-2.5.1.jar:/Users/vishnu/IdeaProjects/kafka/bin/../libs/connect-mirror-2.5.1.jar:/Users/vishnu/IdeaProjects/kafka/bin/../libs/connect-mirror-client-2.5.1.jar:/Users/vishnu/IdeaProjects/kafka/bin/../libs/connect-runtime-2.5.1.jar:/Users/vishnu/IdeaProjects/kafka/bin/../libs/connect-transforms-2.5.1.jar:/Users/vishnu/IdeaProjects/kafka/bin/../libs/hk2-api-2.5.0.jar:/Users/vishnu/IdeaProjects/kafka/bin/../libs/hk2-locator-2.5.0.jar:/Users/vishnu/IdeaProjects/kafka/bin/../libs/hk2-utils-2.5.0.jar:/Users/vishnu/IdeaProjects/kafka/bin/../libs/jackson-annotations-2.10.2.jar:/Users/vishnu/IdeaProjects/kafka/bin/../libs/jackson-core-2.10.2.jar:/Users/vishnu/IdeaProjects/kafka/bin/../libs/jackson-databind-2.10.2.jar:/Users/vishnu/IdeaProjects/kafka/bin/../libs/jackson-dataformat-csv-2.10.2.jar:/Users/vishnu/IdeaProjects/kafka/bin/../libs/jackson-datatype-jdk8-2.10.2.jar:/Users/vishnu/IdeaProjects/kafka/bin/../libs/jackson-jaxrs-base-2.10.2.jar:/Users/vishnu/IdeaProjects/kafka/bin/../libs/jackson-jaxrs-json-provider-2.10.2.jar:/Users/vishnu/IdeaProjects/kafka/bin/../libs/jackson-module-jaxb-annotations-2.10.2.jar:/Users/vishnu/IdeaProjects/kafka/bin/../libs/jackson-module-paranamer-2.10.2.jar:/Users/vishnu/IdeaProjects/kafka/bin/../libs/jackson-module-scala_2.12-2.10.2.jar:/Users/vishnu/IdeaProjects/kafka/bin/../libs/jakarta.activation-api-1.2.1.jar:/Users/vishnu/IdeaProjects/kafka/bin/../libs/jakarta.annotation-api-1.3.4.jar:/Users/vishnu/IdeaProjects/kafka/bin/../libs/jakarta.inject-2.5.0.jar:/Users/vishnu/IdeaProjects/kafka/bin/../libs/jakarta.ws.rs-api-2.1.5.jar:/Users/vishnu/IdeaProjects/kafka/bin/../libs/jakarta.xml.bind-api-2.3.2.jar:/Users/vishnu/IdeaProjects/kafka/bin/../libs/javassist-3.22.0-CR2.jar:/Users/vishnu/IdeaProjects/kafka/bin/../libs/javassist-3.26.0-GA.jar:/Users/vishnu/IdeaProjects/kafka/bin/../libs/javax.servlet-api-3.1.0.jar:/Users/vishnu/IdeaProjects/kafka/bin/../libs/javax.ws.rs-api-2.1.1.jar:/Users/vishnu/IdeaProjects/kafka/bin/../libs/jaxb-api-2.3.0.jar:/Users/vishnu/IdeaProjects/kafka/bin/../libs/jersey-client-2.28.jar:/Users/vishnu/IdeaProjects/kafka/bin/../libs/jersey-common-2.28.jar:/Users/vishnu/IdeaProjects/kafka/bin/../libs/jersey-container-servlet-2.28.jar:/Users/vishnu/IdeaProjects/kafka/bin/../libs/jersey-container-servlet-core-2.28.jar:/Users/vishnu/IdeaProjects/kafka/bin/../libs/jersey-hk2-2.28.jar:/Users/vishnu/IdeaProjects/kafka/bin/../libs/jersey-media-jaxb-2.28.jar:/Users/vishnu/IdeaProjects/kafka/bin/../libs/jersey-server-2.28.jar:/Users/vishnu/IdeaProjects/kafka/bin/../libs/jetty-client-9.4.24.v20191120.jar:/Users/vishnu/IdeaProjects/kafka/bin/../libs/jetty-continuation-9.4.24.v20191120.jar:/Users/vishnu/IdeaProjects/kafka/bin/../libs/jetty-http-9.4.24.v20191120.jar:/Users/vishnu/IdeaProjects/kafka/bin/../libs/jetty-io-9.4.24.v20191120.jar:/Users/vishnu/IdeaProjects/kafka/bin/../libs/jetty-security-9.4.24.v20191120.jar:/Users/vishnu/IdeaProjects/kafka/bin/../libs/jetty-server-9.4.24.v20191120.jar:/Users/vishnu/IdeaProjects/kafka/bin/../libs/jetty-servlet-9.4.24.v20191120.jar:/Users/vishnu/IdeaProjects/kafka/bin/../libs/jetty-servlets-9.4.24.v20191120.jar:/Users/vishnu/IdeaProjects/kafka/bin/../libs/jetty-util-9.4.24.v20191120.jar:/Users/vishnu/IdeaProjects/kafka/bin/../libs/jopt-simple-5.0.4.jar:/Users/vishnu/IdeaProjects/kafka/bin/../libs/kafka-clients-2.5.1.jar:/Users/vishnu/IdeaProjects/kafka/bin/../libs/kafka-log4j-appender-2.5.1.jar:/Users/vishnu/IdeaProjects/kafka/bin/../libs/kafka-streams-2.5.1.jar:/Users/vishnu/IdeaProjects/kafka/bin/../libs/kafka-streams-examples-2.5.1.jar:/Users/vishnu/IdeaProjects/kafka/bin/../libs/kafka-streams-scala_2.12-2.5.1.jar:/Users/vishnu/IdeaProjects/kafka/bin/../libs/kafka-streams-test-utils-2.5.1.jar:/Users/vishnu/IdeaProjects/kafka/bin/../libs/kafka-tools-2.5.1.jar:/Users/vishnu/IdeaProjects/kafka/bin/../libs/kafka_2.12-2.5.1-sources.jar:/Users/vishnu/IdeaProjects/kafka/bin/../libs/kafka_2.12-2.5.1.jar:/Users/vishnu/IdeaProjects/kafka/bin/../libs/log4j-1.2.17.jar:/Users/vishnu/IdeaProjects/kafka/bin/../libs/lz4-java-1.7.1.jar:/Users/vishnu/IdeaProjects/kafka/bin/../libs/maven-artifact-3.6.3.jar:/Users/vishnu/IdeaProjects/kafka/bin/../libs/metrics-core-2.2.0.jar:/Users/vishnu/IdeaProjects/kafka/bin/../libs/netty-buffer-4.1.50.Final.jar:/Users/vishnu/IdeaProjects/kafka/bin/../libs/netty-codec-4.1.50.Final.jar:/Users/vishnu/IdeaProjects/kafka/bin/../libs/netty-common-4.1.50.Final.jar:/Users/vishnu/IdeaProjects/kafka/bin/../libs/netty-handler-4.1.50.Final.jar:/Users/vishnu/IdeaProjects/kafka/bin/../libs/netty-resolver-4.1.50.Final.jar:/Users/vishnu/IdeaProjects/kafka/bin/../libs/netty-transport-4.1.50.Final.jar:/Users/vishnu/IdeaProjects/kafka/bin/../libs/netty-transport-native-epoll-4.1.50.Final.jar:/Users/vishnu/IdeaProjects/kafka/bin/../libs/netty-transport-native-unix-common-4.1.50.Final.jar:/Users/vishnu/IdeaProjects/kafka/bin/../libs/osgi-resource-locator-1.0.1.jar:/Users/vishnu/IdeaProjects/kafka/bin/../libs/paranamer-2.8.jar:/Users/vishnu/IdeaProjects/kafka/bin/../libs/plexus-utils-3.2.1.jar:/Users/vishnu/IdeaProjects/kafka/bin/../libs/reflections-0.9.12.jar:/Users/vishnu/IdeaProjects/kafka/bin/../libs/rocksdbjni-5.18.3.jar:/Users/vishnu/IdeaProjects/kafka/bin/../libs/scala-collection-compat_2.12-2.1.3.jar:/Users/vishnu/IdeaProjects/kafka/bin/../libs/scala-java8-compat_2.12-0.9.0.jar:/Users/vishnu/IdeaProjects/kafka/bin/../libs/scala-library-2.12.10.jar:/Users/vishnu/IdeaProjects/kafka/bin/../libs/scala-logging_2.12-3.9.2.jar:/Users/vishnu/IdeaProjects/kafka/bin/../libs/scala-reflect-2.12.10.jar:/Users/vishnu/IdeaProjects/kafka/bin/../libs/slf4j-api-1.7.30.jar:/Users/vishnu/IdeaProjects/kafka/bin/../libs/slf4j-log4j12-1.7.30.jar:/Users/vishnu/IdeaProjects/kafka/bin/../libs/snappy-java-1.1.7.3.jar:/Users/vishnu/IdeaProjects/kafka/bin/../libs/validation-api-2.0.1.Final.jar:/Users/vishnu/IdeaProjects/kafka/bin/../libs/zookeeper-3.5.8.jar:/Users/vishnu/IdeaProjects/kafka/bin/../libs/zookeeper-jute-3.5.8.jar:/Users/vishnu/IdeaProjects/kafka/bin/../libs/zstd-jni-1.4.4-7.jar (org.apache.zookeeper.ZooKeeper)
[2025-12-04 22:19:14,133] INFO Client environment:java.library.path=/Users/vishnu/Library/Java/Extensions:/Library/Java/Extensions:/Network/Library/Java/Extensions:/System/Library/Java/Extensions:/usr/lib/java:. (org.apache.zookeeper.ZooKeeper)
[2025-12-04 22:19:14,133] INFO Client environment:java.io.tmpdir=/var/folders/ww/0mpx3_ns10v_j3rkjmqnnjkc0000gn/T/ (org.apache.zookeeper.ZooKeeper)
[2025-12-04 22:19:14,133] INFO Client environment:java.compiler=<NA> (org.apache.zookeeper.ZooKeeper)
[2025-12-04 22:19:14,133] INFO Client environment:os.name=Mac OS X (org.apache.zookeeper.ZooKeeper)
[2025-12-04 22:19:14,133] INFO Client environment:os.arch=aarch64 (org.apache.zookeeper.ZooKeeper)
[2025-12-04 22:19:14,133] INFO Client environment:os.version=15.6.1 (org.apache.zookeeper.ZooKeeper)
[2025-12-04 22:19:14,133] INFO Client environment:user.name=vishnu (org.apache.zookeeper.ZooKeeper)
[2025-12-04 22:19:14,133] INFO Client environment:user.home=/Users/vishnu (org.apache.zookeeper.ZooKeeper)
[2025-12-04 22:19:14,133] INFO Client environment:user.dir=/Users/vishnu/IdeaProjects/kafka_2.12-2.5.1/config (org.apache.zookeeper.ZooKeeper)
[2025-12-04 22:19:14,133] INFO Client environment:os.memory.free=988MB (org.apache.zookeeper.ZooKeeper)
[2025-12-04 22:19:14,133] INFO Client environment:os.memory.max=1024MB (org.apache.zookeeper.ZooKeeper)
[2025-12-04 22:19:14,133] INFO Client environment:os.memory.total=1024MB (org.apache.zookeeper.ZooKeeper)
[2025-12-04 22:19:14,134] INFO Initiating client connection, connectString=localhost:2181 sessionTimeout=18000 watcher=kafka.zookeeper.ZooKeeperClient$ZooKeeperClientWatcher$@389c4eb1 (org.apache.zookeeper.ZooKeeper)
[2025-12-04 22:19:14,136] INFO jute.maxbuffer value is 4194304 Bytes (org.apache.zookeeper.ClientCnxnSocket)
[2025-12-04 22:19:14,139] INFO zookeeper.request.timeout value is 0. feature enabled= (org.apache.zookeeper.ClientCnxn)
[2025-12-04 22:19:14,139] INFO [ZooKeeperClient Kafka server] Waiting until connected. (kafka.zookeeper.ZooKeeperClient)
[2025-12-04 22:19:14,142] INFO Opening socket connection to server localhost/[0:0:0:0:0:0:0:1]:2181. Will not attempt to authenticate using SASL (unknown error) (org.apache.zookeeper.ClientCnxn)
[2025-12-04 22:19:14,144] INFO Socket connection established, initiating session, client: /[0:0:0:0:0:0:0:1]:49679, server: localhost/[0:0:0:0:0:0:0:1]:2181 (org.apache.zookeeper.ClientCnxn)
[2025-12-04 22:19:14,150] INFO Session establishment complete on server localhost/[0:0:0:0:0:0:0:1]:2181, sessionid = 0x100005506170005, negotiated timeout = 18000 (org.apache.zookeeper.ClientCnxn)
[2025-12-04 22:19:14,151] INFO [ZooKeeperClient Kafka server] Connected. (kafka.zookeeper.ZooKeeperClient)
[2025-12-04 22:19:14,269] INFO Cluster ID = 8XgWfRj2SYiwjmpDhLk00g (kafka.server.KafkaServer)
[2025-12-04 22:19:14,270] WARN No meta.properties file under dir /Users/vishnu/IdeaProjects/kafka/data/broker-2/meta.properties (kafka.server.BrokerMetadataCheckpoint)
[2025-12-04 22:19:14,290] INFO KafkaConfig values: 
	advertised.host.name = null
	advertised.listeners = PLAINTEXT://localhost:9094
	advertised.port = null
	alter.config.policy.class.name = null
	alter.log.dirs.replication.quota.window.num = 11
	alter.log.dirs.replication.quota.window.size.seconds = 1
	authorizer.class.name = 
	auto.create.topics.enable = true
	auto.leader.rebalance.enable = true
	background.threads = 10
	broker.id = 2
	broker.id.generation.enable = true
	broker.rack = null
	client.quota.callback.class = null
	compression.type = producer
	connection.failed.authentication.delay.ms = 100
	connections.max.idle.ms = 600000
	connections.max.reauth.ms = 0
	control.plane.listener.name = null
	controlled.shutdown.enable = true
	controlled.shutdown.max.retries = 3
	controlled.shutdown.retry.backoff.ms = 5000
	controller.socket.timeout.ms = 30000
	create.topic.policy.class.name = null
	default.replication.factor = 1
	delegation.token.expiry.check.interval.ms = 3600000
	delegation.token.expiry.time.ms = 86400000
	delegation.token.master.key = null
	delegation.token.max.lifetime.ms = 604800000
	delete.records.purgatory.purge.interval.requests = 1
	delete.topic.enable = true
	fetch.max.bytes = 57671680
	fetch.purgatory.purge.interval.requests = 1000
	group.initial.rebalance.delay.ms = 0
	group.max.session.timeout.ms = 1800000
	group.max.size = 2147483647
	group.min.session.timeout.ms = 6000
	host.name = 
	inter.broker.listener.name = null
	inter.broker.protocol.version = 2.5-IV0
	kafka.metrics.polling.interval.secs = 10
	kafka.metrics.reporters = []
	leader.imbalance.check.interval.seconds = 300
	leader.imbalance.per.broker.percentage = 10
	listener.security.protocol.map = PLAINTEXT:PLAINTEXT,SSL:SSL,SASL_PLAINTEXT:SASL_PLAINTEXT,SASL_SSL:SASL_SSL
	listeners = PLAINTEXT://localhost:9094
	log.cleaner.backoff.ms = 15000
	log.cleaner.dedupe.buffer.size = 134217728
	log.cleaner.delete.retention.ms = 86400000
	log.cleaner.enable = true
	log.cleaner.io.buffer.load.factor = 0.9
	log.cleaner.io.buffer.size = 524288
	log.cleaner.io.max.bytes.per.second = 1.7976931348623157E308
	log.cleaner.max.compaction.lag.ms = 9223372036854775807
	log.cleaner.min.cleanable.ratio = 0.5
	log.cleaner.min.compaction.lag.ms = 0
	log.cleaner.threads = 1
	log.cleanup.policy = [delete]
	log.dir = /tmp/kafka-logs
	log.dirs = /Users/vishnu/IdeaProjects/kafka/data/broker-2
	log.flush.interval.messages = 9223372036854775807
	log.flush.interval.ms = null
	log.flush.offset.checkpoint.interval.ms = 60000
	log.flush.scheduler.interval.ms = 9223372036854775807
	log.flush.start.offset.checkpoint.interval.ms = 60000
	log.index.interval.bytes = 4096
	log.index.size.max.bytes = 10485760
	log.message.downconversion.enable = true
	log.message.format.version = 2.5-IV0
	log.message.timestamp.difference.max.ms = 9223372036854775807
	log.message.timestamp.type = CreateTime
	log.preallocate = false
	log.retention.bytes = -1
	log.retention.check.interval.ms = 300000
	log.retention.hours = 168
	log.retention.minutes = null
	log.retention.ms = null
	log.roll.hours = 168
	log.roll.jitter.hours = 0
	log.roll.jitter.ms = null
	log.roll.ms = null
	log.segment.bytes = 1073741824
	log.segment.delete.delay.ms = 60000
	max.connections = 2147483647
	max.connections.per.ip = 2147483647
	max.connections.per.ip.overrides = 
	max.incremental.fetch.session.cache.slots = 1000
	message.max.bytes = 1048588
	metric.reporters = []
	metrics.num.samples = 2
	metrics.recording.level = INFO
	metrics.sample.window.ms = 30000
	min.insync.replicas = 1
	num.io.threads = 8
	num.network.threads = 3
	num.partitions = 3
	num.recovery.threads.per.data.dir = 1
	num.replica.alter.log.dirs.threads = null
	num.replica.fetchers = 1
	offset.metadata.max.bytes = 4096
	offsets.commit.required.acks = -1
	offsets.commit.timeout.ms = 5000
	offsets.load.buffer.size = 5242880
	offsets.retention.check.interval.ms = 600000
	offsets.retention.minutes = 10080
	offsets.topic.compression.codec = 0
	offsets.topic.num.partitions = 50
	offsets.topic.replication.factor = 1
	offsets.topic.segment.bytes = 104857600
	password.encoder.cipher.algorithm = AES/CBC/PKCS5Padding
	password.encoder.iterations = 4096
	password.encoder.key.length = 128
	password.encoder.keyfactory.algorithm = null
	password.encoder.old.secret = null
	password.encoder.secret = null
	port = 9092
	principal.builder.class = null
	producer.purgatory.purge.interval.requests = 1000
	queued.max.request.bytes = -1
	queued.max.requests = 500
	quota.consumer.default = 9223372036854775807
	quota.producer.default = 9223372036854775807
	quota.window.num = 11
	quota.window.size.seconds = 1
	replica.fetch.backoff.ms = 1000
	replica.fetch.max.bytes = 1048576
	replica.fetch.min.bytes = 1
	replica.fetch.response.max.bytes = 10485760
	replica.fetch.wait.max.ms = 500
	replica.high.watermark.checkpoint.interval.ms = 5000
	replica.lag.time.max.ms = 30000
	replica.selector.class = null
	replica.socket.receive.buffer.bytes = 65536
	replica.socket.timeout.ms = 30000
	replication.quota.window.num = 11
	replication.quota.window.size.seconds = 1
	request.timeout.ms = 30000
	reserved.broker.max.id = 1000
	sasl.client.callback.handler.class = null
	sasl.enabled.mechanisms = [GSSAPI]
	sasl.jaas.config = null
	sasl.kerberos.kinit.cmd = /usr/bin/kinit
	sasl.kerberos.min.time.before.relogin = 60000
	sasl.kerberos.principal.to.local.rules = [DEFAULT]
	sasl.kerberos.service.name = null
	sasl.kerberos.ticket.renew.jitter = 0.05
	sasl.kerberos.ticket.renew.window.factor = 0.8
	sasl.login.callback.handler.class = null
	sasl.login.class = null
	sasl.login.refresh.buffer.seconds = 300
	sasl.login.refresh.min.period.seconds = 60
	sasl.login.refresh.window.factor = 0.8
	sasl.login.refresh.window.jitter = 0.05
	sasl.mechanism.inter.broker.protocol = GSSAPI
	sasl.server.callback.handler.class = null
	security.inter.broker.protocol = PLAINTEXT
	security.providers = null
	socket.receive.buffer.bytes = 102400
	socket.request.max.bytes = 104857600
	socket.send.buffer.bytes = 102400
	ssl.cipher.suites = []
	ssl.client.auth = none
	ssl.enabled.protocols = [TLSv1.2]
	ssl.endpoint.identification.algorithm = https
	ssl.key.password = null
	ssl.keymanager.algorithm = SunX509
	ssl.keystore.location = null
	ssl.keystore.password = null
	ssl.keystore.type = JKS
	ssl.principal.mapping.rules = DEFAULT
	ssl.protocol = TLSv1.2
	ssl.provider = null
	ssl.secure.random.implementation = null
	ssl.trustmanager.algorithm = PKIX
	ssl.truststore.location = null
	ssl.truststore.password = null
	ssl.truststore.type = JKS
	transaction.abort.timed.out.transaction.cleanup.interval.ms = 10000
	transaction.max.timeout.ms = 900000
	transaction.remove.expired.transaction.cleanup.interval.ms = 3600000
	transaction.state.log.load.buffer.size = 5242880
	transaction.state.log.min.isr = 1
	transaction.state.log.num.partitions = 50
	transaction.state.log.replication.factor = 1
	transaction.state.log.segment.bytes = 104857600
	transactional.id.expiration.ms = 604800000
	unclean.leader.election.enable = false
	zookeeper.clientCnxnSocket = null
	zookeeper.connect = localhost:2181
	zookeeper.connection.timeout.ms = 18000
	zookeeper.max.in.flight.requests = 10
	zookeeper.session.timeout.ms = 18000
	zookeeper.set.acl = false
	zookeeper.ssl.cipher.suites = null
	zookeeper.ssl.client.enable = false
	zookeeper.ssl.crl.enable = false
	zookeeper.ssl.enabled.protocols = null
	zookeeper.ssl.endpoint.identification.algorithm = HTTPS
	zookeeper.ssl.keystore.location = null
	zookeeper.ssl.keystore.password = null
	zookeeper.ssl.keystore.type = null
	zookeeper.ssl.ocsp.enable = false
	zookeeper.ssl.protocol = TLSv1.2
	zookeeper.ssl.truststore.location = null
	zookeeper.ssl.truststore.password = null
	zookeeper.ssl.truststore.type = null
	zookeeper.sync.time.ms = 2000
 (kafka.server.KafkaConfig)
[2025-12-04 22:19:14,294] INFO KafkaConfig values: 
	advertised.host.name = null
	advertised.listeners = PLAINTEXT://localhost:9094
	advertised.port = null
	alter.config.policy.class.name = null
	alter.log.dirs.replication.quota.window.num = 11
	alter.log.dirs.replication.quota.window.size.seconds = 1
	authorizer.class.name = 
	auto.create.topics.enable = true
	auto.leader.rebalance.enable = true
	background.threads = 10
	broker.id = 2
	broker.id.generation.enable = true
	broker.rack = null
	client.quota.callback.class = null
	compression.type = producer
	connection.failed.authentication.delay.ms = 100
	connections.max.idle.ms = 600000
	connections.max.reauth.ms = 0
	control.plane.listener.name = null
	controlled.shutdown.enable = true
	controlled.shutdown.max.retries = 3
	controlled.shutdown.retry.backoff.ms = 5000
	controller.socket.timeout.ms = 30000
	create.topic.policy.class.name = null
	default.replication.factor = 1
	delegation.token.expiry.check.interval.ms = 3600000
	delegation.token.expiry.time.ms = 86400000
	delegation.token.master.key = null
	delegation.token.max.lifetime.ms = 604800000
	delete.records.purgatory.purge.interval.requests = 1
	delete.topic.enable = true
	fetch.max.bytes = 57671680
	fetch.purgatory.purge.interval.requests = 1000
	group.initial.rebalance.delay.ms = 0
	group.max.session.timeout.ms = 1800000
	group.max.size = 2147483647
	group.min.session.timeout.ms = 6000
	host.name = 
	inter.broker.listener.name = null
	inter.broker.protocol.version = 2.5-IV0
	kafka.metrics.polling.interval.secs = 10
	kafka.metrics.reporters = []
	leader.imbalance.check.interval.seconds = 300
	leader.imbalance.per.broker.percentage = 10
	listener.security.protocol.map = PLAINTEXT:PLAINTEXT,SSL:SSL,SASL_PLAINTEXT:SASL_PLAINTEXT,SASL_SSL:SASL_SSL
	listeners = PLAINTEXT://localhost:9094
	log.cleaner.backoff.ms = 15000
	log.cleaner.dedupe.buffer.size = 134217728
	log.cleaner.delete.retention.ms = 86400000
	log.cleaner.enable = true
	log.cleaner.io.buffer.load.factor = 0.9
	log.cleaner.io.buffer.size = 524288
	log.cleaner.io.max.bytes.per.second = 1.7976931348623157E308
	log.cleaner.max.compaction.lag.ms = 9223372036854775807
	log.cleaner.min.cleanable.ratio = 0.5
	log.cleaner.min.compaction.lag.ms = 0
	log.cleaner.threads = 1
	log.cleanup.policy = [delete]
	log.dir = /tmp/kafka-logs
	log.dirs = /Users/vishnu/IdeaProjects/kafka/data/broker-2
	log.flush.interval.messages = 9223372036854775807
	log.flush.interval.ms = null
	log.flush.offset.checkpoint.interval.ms = 60000
	log.flush.scheduler.interval.ms = 9223372036854775807
	log.flush.start.offset.checkpoint.interval.ms = 60000
	log.index.interval.bytes = 4096
	log.index.size.max.bytes = 10485760
	log.message.downconversion.enable = true
	log.message.format.version = 2.5-IV0
	log.message.timestamp.difference.max.ms = 9223372036854775807
	log.message.timestamp.type = CreateTime
	log.preallocate = false
	log.retention.bytes = -1
	log.retention.check.interval.ms = 300000
	log.retention.hours = 168
	log.retention.minutes = null
	log.retention.ms = null
	log.roll.hours = 168
	log.roll.jitter.hours = 0
	log.roll.jitter.ms = null
	log.roll.ms = null
	log.segment.bytes = 1073741824
	log.segment.delete.delay.ms = 60000
	max.connections = 2147483647
	max.connections.per.ip = 2147483647
	max.connections.per.ip.overrides = 
	max.incremental.fetch.session.cache.slots = 1000
	message.max.bytes = 1048588
	metric.reporters = []
	metrics.num.samples = 2
	metrics.recording.level = INFO
	metrics.sample.window.ms = 30000
	min.insync.replicas = 1
	num.io.threads = 8
	num.network.threads = 3
	num.partitions = 3
	num.recovery.threads.per.data.dir = 1
	num.replica.alter.log.dirs.threads = null
	num.replica.fetchers = 1
	offset.metadata.max.bytes = 4096
	offsets.commit.required.acks = -1
	offsets.commit.timeout.ms = 5000
	offsets.load.buffer.size = 5242880
	offsets.retention.check.interval.ms = 600000
	offsets.retention.minutes = 10080
	offsets.topic.compression.codec = 0
	offsets.topic.num.partitions = 50
	offsets.topic.replication.factor = 1
	offsets.topic.segment.bytes = 104857600
	password.encoder.cipher.algorithm = AES/CBC/PKCS5Padding
	password.encoder.iterations = 4096
	password.encoder.key.length = 128
	password.encoder.keyfactory.algorithm = null
	password.encoder.old.secret = null
	password.encoder.secret = null
	port = 9092
	principal.builder.class = null
	producer.purgatory.purge.interval.requests = 1000
	queued.max.request.bytes = -1
	queued.max.requests = 500
	quota.consumer.default = 9223372036854775807
	quota.producer.default = 9223372036854775807
	quota.window.num = 11
	quota.window.size.seconds = 1
	replica.fetch.backoff.ms = 1000
	replica.fetch.max.bytes = 1048576
	replica.fetch.min.bytes = 1
	replica.fetch.response.max.bytes = 10485760
	replica.fetch.wait.max.ms = 500
	replica.high.watermark.checkpoint.interval.ms = 5000
	replica.lag.time.max.ms = 30000
	replica.selector.class = null
	replica.socket.receive.buffer.bytes = 65536
	replica.socket.timeout.ms = 30000
	replication.quota.window.num = 11
	replication.quota.window.size.seconds = 1
	request.timeout.ms = 30000
	reserved.broker.max.id = 1000
	sasl.client.callback.handler.class = null
	sasl.enabled.mechanisms = [GSSAPI]
	sasl.jaas.config = null
	sasl.kerberos.kinit.cmd = /usr/bin/kinit
	sasl.kerberos.min.time.before.relogin = 60000
	sasl.kerberos.principal.to.local.rules = [DEFAULT]
	sasl.kerberos.service.name = null
	sasl.kerberos.ticket.renew.jitter = 0.05
	sasl.kerberos.ticket.renew.window.factor = 0.8
	sasl.login.callback.handler.class = null
	sasl.login.class = null
	sasl.login.refresh.buffer.seconds = 300
	sasl.login.refresh.min.period.seconds = 60
	sasl.login.refresh.window.factor = 0.8
	sasl.login.refresh.window.jitter = 0.05
	sasl.mechanism.inter.broker.protocol = GSSAPI
	sasl.server.callback.handler.class = null
	security.inter.broker.protocol = PLAINTEXT
	security.providers = null
	socket.receive.buffer.bytes = 102400
	socket.request.max.bytes = 104857600
	socket.send.buffer.bytes = 102400
	ssl.cipher.suites = []
	ssl.client.auth = none
	ssl.enabled.protocols = [TLSv1.2]
	ssl.endpoint.identification.algorithm = https
	ssl.key.password = null
	ssl.keymanager.algorithm = SunX509
	ssl.keystore.location = null
	ssl.keystore.password = null
	ssl.keystore.type = JKS
	ssl.principal.mapping.rules = DEFAULT
	ssl.protocol = TLSv1.2
	ssl.provider = null
	ssl.secure.random.implementation = null
	ssl.trustmanager.algorithm = PKIX
	ssl.truststore.location = null
	ssl.truststore.password = null
	ssl.truststore.type = JKS
	transaction.abort.timed.out.transaction.cleanup.interval.ms = 10000
	transaction.max.timeout.ms = 900000
	transaction.remove.expired.transaction.cleanup.interval.ms = 3600000
	transaction.state.log.load.buffer.size = 5242880
	transaction.state.log.min.isr = 1
	transaction.state.log.num.partitions = 50
	transaction.state.log.replication.factor = 1
	transaction.state.log.segment.bytes = 104857600
	transactional.id.expiration.ms = 604800000
	unclean.leader.election.enable = false
	zookeeper.clientCnxnSocket = null
	zookeeper.connect = localhost:2181
	zookeeper.connection.timeout.ms = 18000
	zookeeper.max.in.flight.requests = 10
	zookeeper.session.timeout.ms = 18000
	zookeeper.set.acl = false
	zookeeper.ssl.cipher.suites = null
	zookeeper.ssl.client.enable = false
	zookeeper.ssl.crl.enable = false
	zookeeper.ssl.enabled.protocols = null
	zookeeper.ssl.endpoint.identification.algorithm = HTTPS
	zookeeper.ssl.keystore.location = null
	zookeeper.ssl.keystore.password = null
	zookeeper.ssl.keystore.type = null
	zookeeper.ssl.ocsp.enable = false
	zookeeper.ssl.protocol = TLSv1.2
	zookeeper.ssl.truststore.location = null
	zookeeper.ssl.truststore.password = null
	zookeeper.ssl.truststore.type = null
	zookeeper.sync.time.ms = 2000
 (kafka.server.KafkaConfig)
[2025-12-04 22:19:14,303] INFO [ThrottledChannelReaper-Fetch]: Starting (kafka.server.ClientQuotaManager$ThrottledChannelReaper)
[2025-12-04 22:19:14,306] INFO [ThrottledChannelReaper-Produce]: Starting (kafka.server.ClientQuotaManager$ThrottledChannelReaper)
[2025-12-04 22:19:14,307] INFO [ThrottledChannelReaper-Request]: Starting (kafka.server.ClientQuotaManager$ThrottledChannelReaper)
[2025-12-04 22:19:14,319] INFO Loading logs. (kafka.log.LogManager)
[2025-12-04 22:19:14,322] INFO Logs loading complete in 3 ms. (kafka.log.LogManager)
[2025-12-04 22:19:14,327] INFO Starting log cleanup with a period of 300000 ms. (kafka.log.LogManager)
[2025-12-04 22:19:14,328] INFO Starting log flusher with a default period of 9223372036854775807 ms. (kafka.log.LogManager)
[2025-12-04 22:19:14,455] INFO Awaiting socket connections on localhost:9094. (kafka.network.Acceptor)
[2025-12-04 22:19:14,465] INFO [SocketServer brokerId=2] Created data-plane acceptor and processors for endpoint : EndPoint(localhost,9094,ListenerName(PLAINTEXT),PLAINTEXT) (kafka.network.SocketServer)
[2025-12-04 22:19:14,466] INFO [SocketServer brokerId=2] Started 1 acceptor threads for data-plane (kafka.network.SocketServer)
[2025-12-04 22:19:14,472] INFO [ExpirationReaper-2-Produce]: Starting (kafka.server.DelayedOperationPurgatory$ExpiredOperationReaper)
[2025-12-04 22:19:14,472] INFO [ExpirationReaper-2-Fetch]: Starting (kafka.server.DelayedOperationPurgatory$ExpiredOperationReaper)
[2025-12-04 22:19:14,472] INFO [ExpirationReaper-2-DeleteRecords]: Starting (kafka.server.DelayedOperationPurgatory$ExpiredOperationReaper)
[2025-12-04 22:19:14,473] INFO [ExpirationReaper-2-ElectLeader]: Starting (kafka.server.DelayedOperationPurgatory$ExpiredOperationReaper)
[2025-12-04 22:19:14,478] INFO [LogDirFailureHandler]: Starting (kafka.server.ReplicaManager$LogDirFailureHandler)
[2025-12-04 22:19:14,500] INFO Creating /brokers/ids/2 (is it secure? false) (kafka.zk.KafkaZkClient)
[2025-12-04 22:19:14,510] INFO Stat of the created znode at /brokers/ids/2 is: 94,94,1764866954503,1764866954503,1,0,0,72057959212318725,188,0,94
 (kafka.zk.KafkaZkClient)
[2025-12-04 22:19:14,511] INFO Registered broker 2 at path /brokers/ids/2 with addresses: ArrayBuffer(EndPoint(localhost,9094,ListenerName(PLAINTEXT),PLAINTEXT)), czxid (broker epoch): 94 (kafka.zk.KafkaZkClient)
[2025-12-04 22:19:14,535] INFO [ExpirationReaper-2-topic]: Starting (kafka.server.DelayedOperationPurgatory$ExpiredOperationReaper)
[2025-12-04 22:19:14,536] INFO [ExpirationReaper-2-Heartbeat]: Starting (kafka.server.DelayedOperationPurgatory$ExpiredOperationReaper)
[2025-12-04 22:19:14,536] INFO [ExpirationReaper-2-Rebalance]: Starting (kafka.server.DelayedOperationPurgatory$ExpiredOperationReaper)
[2025-12-04 22:19:14,546] INFO [GroupCoordinator 2]: Starting up. (kafka.coordinator.group.GroupCoordinator)
[2025-12-04 22:19:14,546] INFO [GroupCoordinator 2]: Startup complete. (kafka.coordinator.group.GroupCoordinator)
[2025-12-04 22:19:14,548] INFO [GroupMetadataManager brokerId=2] Removed 0 expired offsets in 2 milliseconds. (kafka.coordinator.group.GroupMetadataManager)
[2025-12-04 22:19:14,556] INFO [ProducerId Manager 2]: Acquired new producerId block (brokerId:2,blockStartProducerId:3000,blockEndProducerId:3999) by writing to Zk with path version 4 (kafka.coordinator.transaction.ProducerIdManager)
[2025-12-04 22:19:14,563] INFO [TransactionCoordinator id=2] Starting up. (kafka.coordinator.transaction.TransactionCoordinator)
[2025-12-04 22:19:14,564] INFO [Transaction Marker Channel Manager 2]: Starting (kafka.coordinator.transaction.TransactionMarkerChannelManager)
[2025-12-04 22:19:14,564] INFO [TransactionCoordinator id=2] Startup complete. (kafka.coordinator.transaction.TransactionCoordinator)
[2025-12-04 22:19:14,572] INFO [ExpirationReaper-2-AlterAcls]: Starting (kafka.server.DelayedOperationPurgatory$ExpiredOperationReaper)
[2025-12-04 22:19:14,578] INFO [/config/changes-event-process-thread]: Starting (kafka.common.ZkNodeChangeNotificationListener$ChangeEventProcessThread)
[2025-12-04 22:19:14,583] INFO [SocketServer brokerId=2] Started data-plane processors for 1 acceptors (kafka.network.SocketServer)
[2025-12-04 22:19:14,585] INFO Kafka version: 2.5.1 (org.apache.kafka.common.utils.AppInfoParser)
[2025-12-04 22:19:14,585] INFO Kafka commitId: 0efa8fb0f4c73d92 (org.apache.kafka.common.utils.AppInfoPar[2025-12-04 22:23:47,498] INFO [ReplicaFetcherManager on broker 0] Removed fetcher for partitions Set(first-topic-1) (kafka.server.ReplicaFetcherManager)
[2025-12-04 22:23:47,533] INFO [Log partition=first-topic-1, dir=/Users/vishnu/IdeaProjects/kafka/data/broker-0] Loading producer state till offset 0 with message format version 2 (kafka.log.Log)
[2025-12-04 22:23:47,535] INFO [Log partition=first-topic-1, dir=/Users/vishnu/IdeaProjects/kafka/data/broker-0] Completed load of log with 1 segments, log start offset 0 and log end offset 0 in 18 ms (kafka.log.Log)
[2025-12-04 22:23:47,536] INFO Created log for partition first-topic-1 in /Users/vishnu/IdeaProjects/kafka/data/broker-0/first-topic-1 with properties {compression.type -> producer, message.format.version -> 2.5-IV0, max.compaction.lag.ms -> 9223372036854775807, file.delete.delay.ms -> 60000, max.message.bytes -> 1048588, min.compaction.lag.ms -> 0, message.timestamp.type -> CreateTime, min.insync.replicas -> 1, message.downconversion.enable -> true, preallocate -> false, segment.jitter.ms -> 0, index.interval.bytes -> 4096, min.cleanable.dirty.ratio -> 0.5, unclean.leader.election.enable -> false, delete.retention.ms -> 86400000, retention.bytes -> -1, cleanup.policy -> [delete], flush.ms -> 9223372036854775807, segment.bytes -> 1073741824, retention.ms -> 604800000, segment.ms -> 604800000, message.timestamp.difference.max.ms -> 9223372036854775807, segment.index.bytes -> 10485760, flush.messages -> 9223372036854775807}. (kafka.log.LogManager)
[2025-12-04 22:23:47,536] INFO [Partition first-topic-1 broker=0] No checkpointed highwatermark is found for partition first-topic-1 (kafka.cluster.Partition)
[2025-12-04 22:23:47,536] INFO [Partition first-topic-1 broker=0] Log loaded for partition first-topic-1 with initial high watermark 0 (kafka.cluster.Partition)
[2025-12-04 22:23:47,537] INFO [Partition firs[2025-12-04 22:23:47,538] INFO [Log partition=first-topic-0, dir=/Users/vishnu/IdeaProjects/kafka/data/broker-1] Loading producer state till offset 0 wi[2025-12-04 22:23:47,545] INFO [Log partition=first-topic-0, dir=/Users/vishnu/IdeaProjects/kafka/data/broker-0] Loading producer state till offset 0 with message format version 2 (kafka.log.Log)
[2025-12-04 22:23:47,545] INFO [Log partition=first-topic-0, dir=/Users/vishnu/IdeaProjects/kafka/data/broker-0] Completed load of log with 1 segments, log start offset 0 and log end offset 0 in 1 ms (kafka.log.Log)
[2025-12-04 22:23:47,545] INFO Created log for partition first-topic-0 in /Users/vishnu/IdeaProjects/kafka/data/broker-0/first-topic-0 with properties {compression.type -> producer, message.format.version -> 2.5-IV0, max.compaction.lag.ms -> 9223372036854775807, file.delete.delay.ms -> 60000, max.message.bytes -> 1048588, min.compaction.lag.ms -> 0, message.timestamp.type -> CreateTime, min.insync.replicas -> 1, message.downconversion.enable -> true, preallocate -> false, segment.jitter.ms -> 0, index.interval.bytes -> 4096, min.cleanable.dirty.ratio -> 0.5, unclean.leader.election.enable -> false, delete.retention.ms -> 86400000, retention.bytes -> -1, cleanup.policy -> [delete], flush.ms -> 9223372036854775807, segment.bytes -> 1073741824, retention.ms -> 604800000, segment.ms -> 604800000, message.timestamp.difference.max.ms -> 9223372036854775807, segment.index.bytes -> 10485760, flush.messages -> 9223372036854775807}. (kafka.log.LogManager)
[2025-12-04 22:23:47,545] INFO [Partition first-topic-0 broker=0] No checkpointed highwatermark is found for partition first-topic-0 (kafka.cluster.Partition)
[2025-12-04 22:23:47,546] INFO [Partition first-topic-0 broker=0] Log loaded for partition first-topic-0 with initial high watermark 0 (kafka.cluster.Partition)
[2025-12-04 22:23[2025-12-04 22:23:47,547] INFO [ReplicaFetcher replicaId=1, leaderId=2, fetcherId=0] Starting (kafka.server.ReplicaFetcherThread)
[2025-1[2025-12-04 22:23:47,553] INFO [ReplicaFetcher replicaId=0, leaderId=2, fetcherId=0] Starting (kafka.server.ReplicaFetcherThread)
[2025-12-04 22:23:47,554] INFO [ReplicaFetcherManager on broker 0] Added fetcher to broker 2 for partitions Map(first-topic-0 -> (offset=0, leaderEpoch=0)) (kafka.server.ReplicaFetcherManager)
[2025-1[2025-12-04 22:23:47,555] INFO [ReplicaFetcherManager on broker 2] Added fetcher to broker 0 for partitions Map(first-topic-1 -> (offset=0, leaderEpoch=0)) (kafka.server.Repli[2025-12-04 22:23:[2025-12-04 22:23:48,563] INFO [ReplicaFetcher replicaId=2, leaderId=0, fetcherId=0] Truncating partition first-topic-1 to local high watermark 0 (kafka.server.ReplicaFetcherThread)
[2025-12-04 22:23:48,564] INFO [Log partition=first-topic-1, dir=/Users/vishnu/IdeaProjects/kafka/data/broker-2] Truncating to 0 has no effect as the largest offset in the log is -1 (kafka.log.Log)
[2025-12-04 22:29:14,553] INFO [GroupMetadataManager brokerId=2] Removed 0 expired offsets in 0 milliseconds. (kafka.coordinator.group.GroupMetadataManager)
[2025-12-04 22:39:14,560] INFO [GroupMetadataManager brokerId=2] Removed 0 expired offsets in 1 milliseconds. (kafka.coordinator.group.GroupMetadataManager)
[2025-12-04 22:49:14,560] INFO [GroupMetadataManager brokerId=2] Removed 0 expired offsets in 0 milliseconds. (kafka.coordinator.group.GroupMetadataManager)
[2025-12-04 22:52:59,507] INFO Creating topic __consumer_offsets with configurati[2025-12-04 22:52:59,632] INFO [ReplicaFetcherManager on broker 0] Removed fetcher for partitions Set(__consumer_offsets-30, __consumer_offsets-21, __consumer_offsets-27, __consumer_offsets-9, __consumer_offsets-33, __consumer_offsets-36, __consumer_offsets-42, __consumer_offsets-3, _[2025-12-04 22:52:59,634] INFO [ReplicaFetcherManager on broker 1] Removed fetcher for partitions Set(__consumer_offsets-22, __consumer_offsets-4, __consumer_offsets-7, __consumer_offsets-46, __consumer_offsets-25, __consumer_offsets-49, __c[2025-12-04 22:52:59,635] INFO [Log partition=__consumer_offsets-0, dir=/Users/vishnu/IdeaProjects/kafka/data/broker-0] Loading producer state till offset 0 with message format version 2 (kafka.log.Log)
[2025-12-04 22:52:59,635] INFO [Log partition=__consumer_offsets-0, dir=/Users/vish[2025-12-04 22:52:59,637] INFO [Log partition=__consumer_offsets-10, dir=/Users/vishnu/IdeaProjects/kafka/data/broker-1] Loading producer state till offset 0 with message format version 2 (kafka.log.Log)
[2025-12-04 22:52:59,637] INFO [Log partition=__consumer_offsets-10, dir=/Users/vishnu/IdeaProjects/kafka/data/broker-1] Completed load of log with 1 segments, log start offset 0 and log end offset 0 in 1 ms (kafka.log.Log)
[2025-12-04 22:52:59,637] INFO Created log for partition __consumer_offsets-10 in /Users/vishnu/IdeaProjects/kafka/data/broker-1/__consumer_offsets-10 with properties {compression.type -> producer, message.format.version -> 2.5-IV0, max.compaction.lag.ms -> 9223372036854775807, file.delete.delay.ms -> 60000, max.message.bytes -> 1048588, min.compaction.lag.ms -> 0, message.timestamp.type -> CreateTime, min.insync.replicas -> 1, message.downconversion.enable -> true, preallocate -> false, segment.jitter.ms -> 0, index.interval.bytes -> 4096, min.cleanable.dirty.ratio -> 0.5, unclean.leader.election.enable -> false, delete.retention.ms -> 86400000, retention.bytes -> -1, cleanup.policy -> compact, flush.ms -> 9223372036854775807, segment.bytes -> 104857600, retention.ms -> 604800000, segment.ms -> 604800000, message.timestamp.difference.max.ms -> 9223372036854775807, segment.index.bytes -> 10485760, flush.messages -> 9223372036854775807}. (kafka.log.LogManager)
[2025-12-04 22:52:59,637] INFO [Partition __consumer_offsets-10 broker=1] No checkpointed highwatermark is found for partition __consumer_offsets-10 (kafka.cluster.Partition)
[2025-12-04 22:52:59,637] INFO [Partition __consumer_offsets-10 broker=1] Log loaded for partit[2025-12-04 22:52:59,638] INFO [Log partition=__consumer_offsets-48, dir=/Users/vi[2025-12-04 22:52:59,638] INFO [Partition __consumer_offsets-10 broker=1] __consumer_offsets-10 starts at leader epoch 0 f[2025-12-04 22:52:59,638] INFO [Log partition=__consumer_offsets-48, dir=/Users/vishnu/IdeaP[2025-12-04 22:52:59,642] INFO [Log partition=__consumer_offsets-7, dir=/Users/vishnu/IdeaProjects/kafka/data/broker-1] Loading producer state till offset 0 with message format version 2 (kafka.log.Log)
[2025-12-04 22:52:59,642] INFO [Log partition=__consumer_offsets-7, dir=/Users/vishnu/IdeaProjects/kafka/data/broker-1] Completed load of log with 1 segments, log start offset 0 and log end offset 0 in 1 ms (kafka.log.Log)
[2025-12-04 22:52:59,643] INFO Created log for partition __consumer_offsets-7 in /Users/vishnu/IdeaProjects/kafka/data/broker-1/__consumer_offsets-7 with properties {compression.type -> producer, message.format.version -> 2.5-IV0, max.compaction.lag.ms -> 9223372036854775807, file.delete.delay.ms -> 60000, max.message.bytes -> 1048588, min.compaction.lag.ms -> 0, message.timestamp.type -> CreateTime, min.insync.replicas -> 1, message.downconversion.enable -> true, preallocate -> false, segment.jitter.ms -> 0, index.interval.bytes -> 4096, min.cleanable.dirty.ratio -> 0.5, unclean.leader.election.enable -> false, delete.retention.ms -> 86400000, retention.bytes -> -1, cleanup.policy -> compact, flush.ms -> 9223372036854775807, segment.bytes -> 104857600, retention.ms -> 604800000, segment.ms -> 604800000, message.timestamp.difference.max.ms -> 9223372036854775807, segment.index.bytes -> 10485760, flush.messages -> 9223372036854775807}. (kafka.log.LogManager)
[2025-12-04 22:52:59,643] INFO [Partition __consumer_offsets-7 broker=1] No checkpointed highwatermark is found for partition __consumer_offsets-7 (kafka.cluster.Partition)
[2025-12-04 22:52:59,643] INFO [Partition __consumer_offsets-7 broker=1] Log loaded for partition __consumer_offsets-7 with initial high watermark 0 (kafka.cluster.Partition)
[2025-12-04 22:52:59,643] INFO [Partition __consumer_offsets-7 broker=1] __consumer_offsets-7 starts at leader epoch 0 from offset 0 with high watermark 0. Previous leader epoch was -1. (kafka.cluster.Partition)
[2025-12-04 22:52:59,645] INFO [Log partition=__consumer_offsets-4, dir=/Users/vishnu/IdeaProjects/kafka/data/broker-1] Loading producer state till offset 0 with message format version 2 (kafka.log.Log)
[2025-12-04 22:52:59,645] INFO [Log partition=__consumer_offsets-4, dir=/Users/vishnu/IdeaProjects/kafka/data/broker-1] Completed load of log with 1 segments, log start offset 0 and log end offset 0 in 1 ms (kafka.log.Log)
[2025-12-04 22:52:59,645] INFO Created log for partition __consumer_offsets-4 in /Users/vishnu/IdeaProjects/kafka/data/broker-1/__consumer_offsets-4 with properties {compression.type -> producer, message.format.version -> 2.5-IV0, max.compaction.lag.ms -> 9223372036854775807, file.delete.delay.ms -> 60000, max.message.bytes -> 1048588, min.compaction.lag.ms -> 0, message.timestamp.type -> CreateTime, min.insync.replicas -> 1, message.downconversion.enable -> true, preallocate -> false, segment.jitter.ms -> 0, index.interval.bytes -> 4096, min.cleanable.dirty.ratio -> 0.5, unclean.leader.election.enable -> false, delete.retention.ms -> 86400000, retention.bytes -> -1, cleanup.policy -> compact, flush.ms -> 9223372036854775807, segment.bytes -> 104857600, retention.ms -> 604800000, segment.ms -> 604800000, message.timestamp.difference.max.ms -> 9223372036854775807, segment.index.bytes -> 10485760, flush.messages -> 9223372036854775807}. (kafka.log.LogManager)
[2025-12-04 22:52:59,645] INFO [Partition __consumer_offsets-4 broker=1] No checkpointed highwatermark is found for partition __consumer_offsets-4 (kafka.cluster.Partition)
[2025-12-04 22:52:59,645] INFO [Partition __consumer_offsets-4 broker=1] Log loaded for partition __consumer_offsets-4 with initial high watermark 0 (kafka.cluster.Partition)
[2025-12-04 22:52:59,645] INFO [Partition __consumer_offsets-4 broker=1] __consumer_offsets-4 starts at leader epoch 0 from offset 0 with high watermark 0. Previous leader epoch was -1. (kafka.cluster.Partition)
[2025-12-04 22:52:59,647] INFO [Log partition=__consumer_offsets-1, dir=/Users/vishnu/IdeaProjects/kafka/data/broker-1] Loading producer state till offset 0 with message format version 2 (kafka.log.Log)
[2025-12-04 22:52:59,648] INFO [Log partition=__consumer_offsets-1, dir=/Users/vishnu/IdeaProjects/kafka/data/broker-1] Completed load of log with 1 segments, log start offset 0 and log end offset 0 in 1 ms (kafka.log.Log)
[2025-12-04 22:52:59,648] INFO Created log for partition __consumer_offsets-1 in /Users/vishnu/IdeaProjects/kafka/data/broker-1/__consumer_offsets-1 with properties {compression.type -> producer, message.format.version -> 2.5-IV0, max.compaction.lag.ms -> 9223372036854775807, file.delete.delay.ms -> 60000, max.message.bytes -> 1048588, min.compaction.lag.ms -> 0, message.timestamp.type -> CreateTime, min.insync.replicas -> 1, message.downconversion.enable -> true, preallocate -> false, segment.jitter.ms -> 0, index.interval.bytes -> 4096, min.cleanable.dirty.ratio -> 0.5, unclean.leader.election.enable -> false, delete.retention.ms -> 86400000, retention.bytes -> -1, cleanup.policy -> compact, flush.ms -> 9223372036854775807, segment.bytes -> 104857600, retention.ms -> 604800000, segment.ms -> 604800000, message.timestamp.difference.max.ms -> 9223372036854775807, segment.index.bytes -> 10485760, flush.messages -> 9223372036854775807}. (kafka.log.LogManager)
[2025-12-04 22:52:59,648] INFO [Partition __consumer_offsets-1 broker=1] No checkpointed highwatermark is found for partition __consumer_offsets-1 (kafka.cluster.Partition)
[2025-12-04 22:52:59,648] INFO [Partition __consumer_offsets-1 broker=1] Log loaded for partition __consumer_offsets-1 with initial high watermark 0 (kafka.cluster.Partition)
[2025-12-04 22:52:59,648] INFO [Partition __consumer_offsets-1 broker=1] __consumer_offsets-1 starts at leader epoch 0 from offset 0 with high watermark 0. Previous leader epoch was -1. (kafka.cluster.Partition)
[2025-12-04 22:52:59,650] INFO [Log partition=__consumer_offsets-49, dir=/Users/vishnu/IdeaProjects/kafka/data/broker-1] Loading producer state till offset 0 with message format version 2 (kafka.log.Log)
[2025-12-04 22:52:59,650] INFO [Log partition=__consumer_offsets-49, dir=/Users/vishnu/IdeaProjects/kafka/data/broker-1] Completed load of log with 1 segments, log start offset 0 and log end offset 0 in 1 ms (kafka.log.Log)
[2025-12-04 22:52:59,651] INFO Created log for partition __consumer_offsets-49 in /Users/vishnu/IdeaProjects/kafka/data/broker-1/__consumer_offsets-49 with properties {compression.type -> producer, message.format.version -> 2.5-IV0, max.compaction.lag.ms -> 9223372036854775807, file.delete.delay.ms -> 60000, max.message.bytes -> 1048588, min.compaction.lag.ms -> 0, message.timestamp.type -> CreateTime, min.insync.replicas -> 1, message.downconversion.enable -> true, preallocate -> false, segment.jitter.ms -> 0, index.interval.bytes -> 4096, min.cleanable.dirty.ratio -> 0.5, unclean.leader.election.enable -> false, delete.retention.ms -> 86400000, retention.bytes -> -1, cleanup.policy -> compact, flush.ms -> 9223372036854775807, segment.bytes -> 104857600, retention.ms -> 604800000, segment.ms -> 604800000, message.timestamp.difference.max.ms -> 9223372036854775807, segment.index.bytes -> 10485760, flush.messages -> 9223372036854775807}. (kafka.log.LogManager)
[2025-12-04 22:52:59,651] INFO [Partition __consumer_offsets-49 broker=1] No checkpointed highwatermark is found for partition __consumer_offsets-49 (kafka.cluster.Partition)
[2025-12-04 22:52:59,651] INFO [Partition __consumer_offsets-49 broker=1] Log loaded for partition __consumer_offsets-49 with initial high watermark 0 (kafka.cluster.Partition)
[2025-12-04 22:52:59,651] INFO [Partition __consumer_offsets-49 broker=1] __consumer_offsets-49 starts at leader epoch 0 from offset 0 with high watermark 0. Previous leader epoch was -1. (kafka.cluster.Partition)
[2025-12-04 22:52:59,653] INFO [Log partition=__consumer_offsets-46, dir=/Users/vishnu/IdeaProjects/kafka/data/broker-1] Loading producer state till offset 0 with message format version 2 (kafka.log.Log)
[2025-12-04 22:52:59,653] INFO [Log partition=__consumer_offsets-46, dir=/Users/vishnu/IdeaProjects/kafka/data/broker-1] Completed load of log with 1 segments, log start offset 0 and log end offset 0 in 1 ms (kafka.log.Log)
[2025-12-04 22:52:59,653] INFO Created log for partition __consumer_offsets-46 in /Users/vishnu/IdeaProjects/kafka/data/broker-1/__consumer_offsets-46 with properties {compression.type -> producer, message.format.version -> 2.5-IV0, max.compaction.lag.ms -> 9223372036854775807, file.delete.delay.ms -> 60000, max.message.bytes -> 1048588, min.compaction.lag.ms -> 0, message.timestamp.type -> CreateTime, min.insync.replicas -> 1, message.downconversion.enable -> true, preallocate -> false, segment.jitter.ms -> 0, index.interval.bytes -> 4096, min.cleanable.dirty.ratio -> 0.5, unclean.leader.election.enable -> false, delete.retention.ms -> 86400000, retention.bytes -> -1, cleanup.policy -> compact, flush.ms -> 9223372036854775807, segment.bytes -> 104857600, retention.ms -> 604800000, segment.ms -> 604800000, message.timestamp.difference.max.ms -> 9223372036854775807, segment.index.bytes -> 10485760, flush.messages -> 9223372036854775807}. (kafka.log.LogManager)
[2025-12-04 22:52:59,654] INFO [Partition __consumer_offsets-46 broker=1] No checkpointed highwatermark is found for partition __consumer_offsets-46 (kafka.cluster.Partition)
[2025-12-04 22:52:59,654] INFO [Partition __consumer_offsets-46 broker=1] Log loaded for partition __consumer_offsets-46 with initial high watermark 0 (kafka.cluster.Partition)
[2025-12-04 22:52:59,654] INFO [Partition __consumer_offsets-46 broker=1] __consumer_offsets-46 starts at leader epoch 0 from offset 0 with high watermark 0. Previous leader epoch was -1. (kafka.cluster.Partition)
[2025-12-04 22:52:59,656] INFO [Log partition=__consumer_offsets-43, dir=/Users/vishnu/IdeaProjects/kafka/data/broker-1] Loading producer state till offset 0 with message format version 2 (kafka.log.Log)
[2025-12-04 22:52:59,656] INFO [Log partition=__consumer_offsets-43, dir=/Users/vishnu/IdeaProjects/kafka/data/broker-1] Completed load of log with 1 segments, log start offset 0 and log end offset 0 in 1 ms (kafka.log.Log)
[2025-12-04 22:52:59,657] INFO Created log for partition __consumer_offsets-43 in /Users/vishnu/IdeaProjects/kafka/data/broker-1/__consumer_offsets-43 with properties {compression.type -> producer, message.format.version -> 2.5-IV0, max.compaction.lag.ms -> 9223372036854775807, file.delete.delay.ms -> 60000, max.message.bytes -> 1048588, min.compaction.lag.ms -> 0, message.timestamp.type -> CreateTime, min.insync.replicas -> 1, message.downconversion.enable -> true, preallocate -> false, segment.jitter.ms -> 0, index.interval.bytes -> 4096, min.cleanable.dirty.ratio -> 0.5, unclean.leader.election.enable -> false, delete.retention.ms -> 86400000, retention.bytes -> -1, cleanup.policy -> compact, flush.ms -> 9223372036854775807, segment.bytes -> 104857600, retention.ms -> 604800000, segment.ms -> 604800000, message.timestamp.difference.max.ms -> 9223372036854775807, segment.index.bytes -> 10485760, flush.messages -> 9223372036854775807}. (kafka.log.LogManager)
[2025-12-04 22:52:59,657] INFO [Partition __consumer_offsets-43 broker=1] No checkpointed highwatermark is found for partition __consumer_offsets-43 (kafka.cluster.Partition)
[2025-12-04 22:52:59,657] INFO [Partition __consumer_offsets-43 broker=1] Log loaded for partition __consumer_offsets-43 with initial high watermark 0 (kafka.cluster.Partition)
[2025-12-04 22:52:59,657] INFO [Partition __consumer_offsets-43 broker=1] __consumer_offsets-43 starts at leader epoch 0 from offset 0 with high watermark 0. Previous leader epoch was -1. (kafka.cluster.Partition)
[2025-12-04 22:52:59,661] INFO [Log partition=__consumer_offsets-40, dir=/Users/vishnu/IdeaProjects/kafka/data/broker-1] Loading producer state till offset 0 with message format version 2 (kafka.log.Log)
[2025-12-04 22:52:59,661] INFO [Log partition=__consumer_offsets-40, dir=/Users/vishnu/IdeaProjects/kafka/data/broker-1] Completed load of log with 1 segments, log start offset 0 and log end offset 0 in 1 ms (kafka.log.Log)
[2025-12-04 22:52:59,662] INFO Created log for partition __consumer_offsets-40 in /Users/vishnu/IdeaProjects/kafka/data/broker-1/__consumer_offsets-40 with properties {compression.type -> producer, message.format.version -> 2.5-IV0, max.compaction.lag.ms -> 9223372036854775807, file.delete.delay.ms -> 60000, max.message.bytes -> 1048588, min.compaction.lag.ms -> 0, message.timestamp.type -> CreateTime, min.insync.replicas -> 1, message.downconversion.enable -> true, preallocate -> false, segment.jitter.ms -> 0, index.interval.bytes -> 4096, min.cleanable.dirty.ratio -> 0.5, unclean.leader.election.enable -> false, delete.retention.ms -> 86400000, retention.bytes -> -1, cleanup.policy -> compact, flush.ms -> 9223372036854775807, segment.bytes -> 104857600, retention.ms -> 604800000, segment.ms -> 604800000, message.timestamp.difference.max.ms -> 9223372036854775807, segment.index.bytes -> 10485760, flush.messages -> 9223372036854775807}. (kafka.log.LogManager)
[2025-12-04 22:52:59,662] INFO [Partition __consumer_offsets-40 broker=1] No checkpointed highwatermark is found for partition __consumer_offsets-40 (kafka.cluster.Partition)
[2025-12-04 22:52:59,662] INFO [Partition __consumer_offsets-40 broker=1] Log loaded for partition __consumer_offsets-40 with initial high watermark 0 (kafka.cluster.Partition)
[2025-12-04 22:52:59,662] INFO [Partition __consumer_offsets-40 broker=1] __consumer_offsets-40 starts at leader epoch 0 from offset 0 with high watermark 0. Previous leader epoch was -1. (kafka.cluster.Partition)
[2025-12-04 22:52:59,664] INFO [Log partition=__consumer_offsets-37, dir=/Users/vishnu/IdeaProjects/kafka/data/broker-1] Loading producer state till offset 0 with message format version 2 (kafka.log.Log)
[2025-12-04 22:52:59,664] INFO [Log partition=__consumer_offsets-37, dir=/Users/vishnu/IdeaProjects/kafka/data/broker-1] Completed load of log with 1 segments, log start offset 0 and log end offset 0 in 1 ms (kafka.log.Log)
[2025-12-04 22:52:59,664] INFO Created log for partition __consumer_offsets-37 in /Users/vishnu/IdeaProjects/kafka/data/broker-1/__consumer_offsets-37 with properties {compression.type -> producer, message.format.version -> 2.5-IV0, max.compaction.lag.ms -> 9223372036854775807, file.delete.delay.ms -> 60000, max.message.bytes -> 1048588, min.compaction.lag.ms -> 0, message.timestamp.type -> CreateTime, min.insync.replicas -> 1, message.downconversion.enable -> true, preallocate -> false, segment.jitter.ms -> 0, index.interval.bytes -> 4096, min.cleanable.dirty.ratio -> 0.5, unclean.leader.election.enable -> false, delete.retention.ms -> 86400000, retention.bytes -> -1, cleanup.policy -> compact, flush.ms -> 9223372036854775807, segment.bytes -> 104857600, retention.ms -> 604800000, segment.ms -> 604800000, message.timestamp.difference.max.ms -> 9223372036854775807, segment.index.bytes -> 10485760, flush.messages -> 9223372036854775807}. (kafka.log.LogManager)
[2025-12-04 22:52:59,664] INFO [Partition __consumer_offsets-37 broker=1] No checkpointed highwatermark is found for partition __consumer_offsets-37 (kafka.cluster.Partition)
[2025-12-04 22:52:59,664] INFO [Partition __consumer_offsets-37 broker=1] Log loaded for partition __consumer_offsets-37 with initial high watermark 0 (kafka.cluster.Partition)
[2025-12-04 22:52:59,664] INFO [Partition __consumer_offsets-37 broker=1] __consumer_offsets-37 starts at leader epoch 0 from offset 0 with high watermark 0. Previous leader epoch was -1. (kafka.cluster.Partition)
[2025-12-04 22:52:59,667] INFO [Log partition=__consumer_offsets-34, dir=/Users/vishnu/IdeaProjects/kafka/data/broker-1] Loading producer state till offset 0 with message format version 2 (kafka.log.Log)
[2025-12-04 22:52:59,667] INFO [Log partition=__consumer_offsets-34, dir=/Users/vishnu/IdeaProjects/kafka/data/broker-1] Completed load of log with 1 segments, log start offset 0 and log end offset 0 in 1 ms (kafka.log.Log)
[2025-12-04 22:52:59,667] INFO Created log for partition __consumer_offsets-34 in /Users/vishnu/IdeaProjects/kafka/data/broker-1/__consumer_offsets-34 with properties {compression.type -> producer, message.format.version -> 2.5-IV0, max.compaction.lag.ms -> 9223372036854775807, file.delete.delay.ms -> 60000, max.message.bytes -> 1048588, min.compaction.lag.ms -> 0, message.timestamp.type -> CreateTime, min.insync.replicas -> 1, message.downconversion.enable -> true, preallocate -> false, segment.jitter.ms -> 0, index.interval.bytes -> 4096, min.cleanable.dirty.ratio -> 0.5, unclean.leader.election.enable -> false, delete.retention.ms -> 86400000, retention.bytes -> -1, cleanup.policy -> compact, flush.ms -> 9223372036854775807, segment.bytes -> 104857600, retention.ms -> 604800000, segment.ms -> 604800000, message.timestamp.difference.max.ms -> 9223372036854775807, segment.index.bytes -> 10485760, flush.messages -> 9223372036854775807}. (kafka.log.LogManager)
[2025-12-04 22:52:59,667] INFO [Partition __consumer_offsets-34 broker=1] No checkpointed highwatermark is found for partition __consumer_offsets-34 (kafka.cluster.Partition)
[2025-12-04 22:52:59,667] INFO [Partition __consumer_offsets-34 broker=1] Log loaded for partition __consumer_offsets-34 with initial high watermark 0 (kafka.cluster.Partition)
[2025-12-04 22:52:59,667] INFO [Partition __consumer_offsets-34 broker=1] __consumer_offsets-34 starts at leader epoch 0 from offset 0 with high watermark 0. Previous leader epoch was -1. (kafka.cluster.Partition)
[2025-12-04 22:52:59,670] INFO [Log partition=__consumer_offsets-31, dir=/Users/vishnu/IdeaProjects/kafka/data/broker-1] Loading producer state till offset 0 with message format version 2 (kafka.log.Log)
[2025-12-04 22:52:59,671] INFO [Log partition=__consumer_offsets-31, dir=/Users/vishnu/IdeaProjects/kafka/data/broker-1] Completed load of log with 1 segments, log start offset 0 and log end offset 0 in 2 ms (kafka.log.Log)
[2025-12-04 22:52:59,671] INFO Created log for partition __consumer_offsets-31 in /Users/vishnu/IdeaProjects/kafka/data/broker-1/__consumer_offsets-31 with properties {compression.type -> producer, message.format.version -> 2.5-IV0, max.compaction.lag.ms -> 9223372036854775807, file.delete.delay.ms -> 60000, max.message.bytes -> 1048588, min.compaction.lag.ms -> 0, message.timestamp.type -> CreateTime, min.insync.replicas -> 1, message.downconversion.enable -> true, preallocate -> false, segment.jitter.ms -> 0, index.interval.bytes -> 4096, min.cleanable.dirty.ratio -> 0.5, unclean.leader.election.enable -> false, delete.retention.ms -> 86400000, retention.bytes -> -1, cleanup.policy -> compact, flush.ms -> 9223372036854775807, segment.bytes -> 104857600, retention.ms -> 604800000, segment.ms -> 604800000, message.timestamp.difference.max.ms -> 9223372036854775807, segment.index.bytes -> 10485760, flush.messages -> 9223372036854775807}. (kafka.log.LogManager)
[2025-12-04 22:52:59,671] INFO [Partition __consumer_offsets-31 broker=1] No checkpointed highwatermark is found for partition __consumer_offsets-31 (kafka.cluster.Partition)
[2025-12-04 22:52:59,671] INFO [Partition __consumer_offsets-31 broker=1] Log loaded for partition __consumer_offsets-31 with initial high watermark 0 (kafka.cluster.Partition)
[2025-12-04 22:52:59,671] INFO [Partition __consumer_offsets-31 broker=1] __consumer_offsets-31 starts at leader epoch 0 from offset 0 with high watermark 0. Previous leader epoch was -1. (kafka.cluster.Partition)
[2025-12-04 22:52:59,674] INFO [Log partition=__consumer_offsets-19, dir=/Users/vishnu/IdeaProjects/kafka/data/broker-1] Loading producer state till offset 0 with message format version 2 (kafka.log.Log)
[2025-12-04 22:52:59,674] INFO [Log partition=__consumer_offsets-19, dir=/Users/vishnu/IdeaProjects/kafka/data/broker-1] Completed load of log with 1 segments, log start offset 0 and log end offset 0 in 1 ms (kafka.log.Log)
[2025-12-04 22:52:59,674] INFO Created log for partition __consumer_offsets-19 in /Users/vishnu/IdeaProjects/kafka/data/broker-1/__consumer_offsets-19 with properties {compression.type -> producer, message.format.version -> 2.5-IV0, max.compaction.lag.ms -> 9223372036854775807, file.delete.delay.ms -> 60000, max.message.bytes -> 1048588, min.compaction.lag.ms -> 0, message.timestamp.type -> CreateTime, min.insync.replicas -> 1, message.downconversion.enable -> true, preallocate -> false, segment.jitter.ms -> 0, index.interval.bytes -> 4096, min.cleanable.dirty.ratio -> 0.5, unclean.leader.election.enable -> false, delete.retention.ms -> 86400000, retention.bytes -> -1, cleanup.policy -> compact, flush.ms -> 9223372036854775807, segment.bytes -> 104857600, retention.ms -> 604800000, segment.ms -> 604800000, message.timestamp.difference.max.ms -> 9223372036854775807, segment.index.bytes -> 10485760, flush.messages -> 9223372036854775807}. (kafka.log.LogManager)
[2025-12-04 22:52:59,674] INFO [Partition __consumer_offsets-19 broker=1] No checkpointed highwatermark is found for partition __consumer_offsets-19 (kafka.cluster.Partition)
[2025-12-04 22:52:59,674] INFO [Partition __consumer_offsets-19 broker=1] Log loaded for partition __consumer_offsets-19 with initial high watermark 0 (kafka.cluster.Partition)
[2025-12-04 22:52:59,675] INFO [Partition __consumer_offsets-19 broker=1] __consumer_offsets-19 starts at leader epoch 0 from offset 0 with high watermark 0. Previous leader epoch was -1. (kafka.cluster.Partition)
[2025-12-04 22:52:59,677] INFO [Log partition=__consumer_offsets-28, dir=/Users/vishnu/IdeaProjects/kafka/data/broker-1] Loading producer state till offset 0 with message format version 2 (kafka.log.Log)
[2025-12-04 22:52:59,678] INFO [Log partition=__consumer_offsets-28, dir=/Users/vishnu/IdeaProjects/kafka/data/broker-1] Completed load of log with 1 segments, log start offset 0 and log end offset 0 in 2 ms (kafka.log.Log)
[2025-12-04 22:52:59,678] INFO Created log for partition __consumer_offsets-28 in /Users/vishnu/IdeaProjects/kafka/data/broker-1/__consumer_offsets-28 with properties {compression.type -> producer, message.format.version -> 2.5-IV0, max.compaction.lag.ms -> 9223372036854775807, file.delete.delay.ms -> 60000, max.message.bytes -> 1048588, min.compaction.lag.ms -> 0, message.timestamp.type -> CreateTime, min.insync.replicas -> 1, message.downconversion.enable -> true, preallocate -> false, segment.jitter.ms -> 0, index.interval.bytes -> 4096, min.cleanable.dirty.ratio -> 0.5, unclean.leader.election.enable -> false, delete.retention.ms -> 86400000, retention.bytes -> -1, cleanup.policy -> compact, flush.ms -> 9223372036854775807, segment.bytes -> 104857600, retention.ms -> 604800000, segment.ms -> 604800000, message.timestamp.difference.max.ms -> 9223372036854775807, segment.index.bytes -> 10485760, flush.messages -> 9223372036854775807}. (kafka.log.LogManager)
[2025-12-04 22:52:59,678] INFO [Partition __consumer_offsets-28 broker=1] No checkpointed highwatermark is found for partition __consumer_offsets-28 (kafka.cluster.Partition)
[2025-12-04 22:52:59,678] INFO [Partition __consumer_offsets-28 broker=1] Log loaded for partition __consumer_offsets-28 with initial high watermark 0 (kafka.cluster.Partition)
[2025-12-04 22:52:59,678] INFO [Partition __consumer_offsets-28 broker=1] __consumer_offsets-28 starts at leader epoch 0 from offset 0 with high watermark 0. Previous leader epoch was -1. (kafka.cluster.Partition)
[2025-12-04 22:52:59,681] INFO [Log partition=__consumer_offsets-16, dir=/Users/vishnu/IdeaProjects/kafka/data/broker-1] Loading producer state till offset 0 with message format version 2 (kafka.log.Log)
[2025-12-04 22:52:59,681] INFO [Log partition=__consumer_offsets-16, dir=/Users/vishnu/IdeaProjects/kafka/data/broker-1] Completed load of log with 1 segments, log start offset 0 and log end offset 0 in 1 ms (kafka.log.Log)
[2025-12-04 22:52:59,681] INFO Created log for partition __consumer_offsets-16 in /Users/vishnu/IdeaProjects/kafka/data/broker-1/__consumer_offsets-16 with properties {compression.type -> producer, message.format.version -> 2.5-IV0, max.compaction.lag.ms -> 9223372036854775807, file.delete.delay.ms -> 60000, max.message.bytes -> 1048588, min.compaction.lag.ms -> 0, message.timestamp.type -> CreateTime, min.insync.replicas -> 1, message.downconversion.enable -> true, preallocate -> false, segment.jitter.ms -> 0, index.interval.bytes -> 4096, min.cleanable.dirty.ratio -> 0.5, unclean.leader.election.enable -> false, delete.retention.ms -> 86400000, retention.bytes -> -1, cleanup.policy -> compact, flush.ms -> 9223372036854775807, segment.bytes -> 104857600, retention.ms -> 604800000, segment.ms -> 604800000, message.timestamp.difference.max.ms -> 9223372036854775807, segment.index.bytes -> 10485760, flush.messages -> 9223372036854775807}. (kafka.log.LogManager)
[2025-12-04 22:52:59,681] INFO [Partition __consumer_offsets-16 broker=1] No checkpointed highwatermark is found for partition __consumer_offsets-16 (kafka.cluster.Partition)
[2025-12-04 22:52:59,681] INFO [Partition __consumer_offsets-16 broker=1] Log loaded for partition __consumer_offsets-16 with initial high watermark 0 (kafka.cluster.Partition)
[2025-12-04 22:52:59,681] INFO [Partition __consumer_offsets-16 broker=1] __consumer_offsets-16 starts at leader epoch 0 from offset 0 with high watermark 0. Previous leader epoch was -1. (kafka.cluster.Partition)
[2025-12-04 22:52:59,684] INFO [Log partition=__consumer_offsets-25, dir=/Users/vishnu/IdeaProjects/kafka/data/broker-1] Loading producer state till offset 0 with message format version 2 (kafka.log.Log)
[2025-12-04 22:52:59,684] INFO [Log partition=__consumer_offsets-25, dir=/Users/vishnu/IdeaProjects/kafka/data/broker-1] Completed load of log with 1 segments, log start offset 0 and log end offset 0 in 1 ms (kafka.log.Log)
[2025-12-04 22:52:59,684] INFO Created log for partition __consumer_offsets-25 in /Users/vishnu/IdeaProjects/kafka/data/broker-1/__consumer_offsets-25 with properties {compression.type -> producer, message.format.version -> 2.5-IV0, max.compaction.lag.ms -> 9223372036854775807, file.delete.delay.ms -> 60000, max.message.bytes -> 1048588, min.compaction.lag.ms -> 0, message.timestamp.type -> CreateTime, min.insync.replicas -> 1, message.downconversion.enable -> true, preallocate -> false, segment.jitter.ms -> 0, index.interval.bytes -> 4096, min.cleanable.dirty.ratio -> 0.5, unclean.leader.election.enable -> false, delete.retention.ms -> 86400000, retention.bytes -> -1, cleanup.policy -> compact, flush.ms -> 9223372036854775807, segment.bytes -> 104857600, retention.ms -> 604800000, segment.ms -> 604800000, message.timestamp.difference.max.ms -> 9223372036854775807, segment.index.bytes -> 10485760, flush.messages -> 9223372036854775807}. (kafka.log.LogManager)
[2025-12-04 22:52:59,685] INFO [Partition __consumer_offsets-25 broker=1] No checkpointed highwatermark is found for partition __consumer_offsets-25 (kafka.cluster.Partition)
[2025-12-04 22:52:59,685] INFO [Partition __consumer_offsets-25 broker=1] Log loaded for partition __consumer_offsets-25 with initial high watermark 0 (kafka.cluster.Partition)
[2025-12-04 22:52:59,685] INFO [Partition __consumer_offsets-25 broker=1] __consumer_offsets-25 starts at leader epoch 0 from offset 0 with high watermark 0. Previous leader epoch was -1. (kafka.cluster.Partition)
[2025-12-04 22:52:59,687] INFO [Log partition=__consumer_offsets-22, dir=/Users/vishnu/IdeaProjects/kafka/data/broker-1] Loading producer state till offset 0 with message format version 2 (kafka.log.Log)
[2025-12-04 22:52:59,687] INFO [Log partition=__consumer_offsets-22, dir=/Users/vishnu/IdeaProjects/kafka/data/broker-1] Completed load of log with 1 segments, log start offset 0 and log end offset 0 in 1 ms (kafka.log.Log)
[2025-12-04 22:52:59,687] INFO Created log for partition __consumer_offsets-22 in /Users/vishnu/IdeaProjects/kafka/data/broker-1/__consumer_offsets-22 with properties {compression.type -> producer, message.format.version -> 2.5-IV0, max.compaction.lag.ms -> 9223372036854775807, file.delete.delay.ms -> 60000, max.message.bytes -> 1048588, min.compaction.lag.ms -> 0, message.timestamp.type -> CreateTime, min.insync.replicas -> 1, message.downconversion.enable -> true, preallocate -> false, segment.jitter.ms -> 0, index.interval.bytes -> 4096, min.cleanable.dirty.ratio -> 0.5, unclean.leader.election.enable -> false, delete.retention.ms -> 86400000, retention.bytes -> -1, cleanup.policy -> compact, flush.ms -> 9223372036854775807, segment.bytes -> 104857600, retention.ms -> 604800000, segment.ms -> 604800000, message.timestamp.difference.max.ms -> 9223372036854775807, segment.index.bytes -> 10485760, flush.messages -> 9223372036854775807}. (kafka.log.LogManager)
[2025-12-04 22:52:59,687] INFO [Partition __consumer_offsets-22 broker=1] No checkpointed highwatermark is found for partition __consumer_offsets-22 (kafka.cluster.Partition)
[2025-12-04 22:52:59,687] INFO [Partition __consumer_offsets-22 broker=1] Log loaded for partition __consumer_offsets-22 with initial high watermark 0 (kafka.cluster.Partition)
[2025-12-04 22:52:59,687] INFO [Partition __consumer_offsets-22 broker=1] __consumer_offsets-22 starts at leader epoch 0 from offset 0 with high watermark 0. Previous leader epoch was -1. (kafka.cluster.Partition)
[2025-12-04 22:52:59,689] INFO [Log partition=__consumer_offsets-13, dir=/Users/vishnu/IdeaProjects/kafka/data/broker-1] Loading producer state till offset 0 with message format version 2 (kafka.log.Log)
[2025-12-04 22:52:59,690] INFO [Log partition=__consumer_offsets-13, dir=/Users/vishnu/IdeaProjects/kafka/data/broker-1] Completed load of log with 1 segments, log start offset 0 and log end offset 0 in 2 ms (kafka.log.Log)
[2025-12-04 22:52:59,690] INFO Created log for partition __consumer_offsets-13 in /Users/vishnu/IdeaProjects/kafka/data/broker-1/__consumer_offsets-13 with properties {compression.type -> producer, message.format.version -> 2.5-IV0, max.compaction.lag.ms -> 9223372036854775807, file.delete.delay.ms -> 60000, max.message.bytes -> 1048588, min.compaction.lag.ms -> 0, message.timestamp.type -> CreateTime, min.insync.replicas -> 1, message.downconversion.enable -> true, preallocate -> false, segment.jitter.ms -> 0, index.interval.bytes -> 4096, min.cleanable.dirty.ratio -> 0.5, unclean.leader.election.enable -> false, delete.retention.ms -> 86400000, retention.bytes -> -1, cleanup.policy -> compact, flush.ms -> 9223372036854775807, segment.bytes -> 104857600, retention.ms -> 604800000, segment.ms -> 604800000, message.timestamp.difference.max.ms -> 9223372036854775807, segment.index.bytes -> 10485760, flush.messages -> 9223372036854775807}. (kafka.log.LogManager)
[2025-12-04 22:52:59,690] INFO [Partition __consumer_offsets-13 broker=1] No checkpointed highwatermark is found for partition __consumer_offsets-13 (kafka.cluster.Partition)
[2025-12-04 22:52:59,690] INFO [Partition __consumer_offsets-13 broker=1] Log loaded for partition __consumer_offsets-13 with initial high watermark 0 (kafka.cluster.Partition)
[2025-12-04 22:52:59,690] INFO [Partition __consumer_offsets-13 broker=1] __consumer_offsets-13 starts at leader epoch 0 from offset 0 with high watermark 0. Previous leader epoch was -1. (kafka.cluster.Partition)
[2025-12-04 22:52:59,691] INFO [GroupMetadataManager brokerId=1] Scheduling loading of offsets and group metadata from __consumer_offsets-22 (kafka.coordinator.group.GroupMetadataManager)
[2025-12-04 22:52:59,691] INFO [GroupMetadataManager brokerId=1] Scheduling loading of offsets and group metadata from __consumer_offsets-25 (kafka.coordinator.group.GroupMetadataManager)
[2025-12-04 22:52:59,691] INFO [GroupMetadataManager brokerId=1] Scheduling loading of offsets and group metadata from __consumer_offsets-28 (kafka.coordinator.group.GroupMetadataManager)
[2025-12-04 22:52:59,691] INFO [GroupMetadataManager brokerId=1] Scheduling loading of offsets and group metadata from __consumer_offsets-31 (kafka.coordinator.group.GroupMetadataManager)
[2025-12-04 22:52:59,691] INFO [GroupMetadataManager brokerId=1] Scheduling loading of offsets and group metadata from __consumer_offsets-34 (kafka.coordinator.group.GroupMetadataManager)
[2025-12-04 22:52:59,691] INFO [GroupMetadataManager brokerId=1] Scheduling loading of offsets and group metadata from __consumer_offsets-37 (kafka.coordinator.group.GroupMetadataManager)
[2025-12-04 22:52:59,691] INFO [GroupMetadataManager brokerId=1] Scheduling loading of offsets and group metadata from __consumer_offsets-40 (kafka.coordinator.group.GroupMetadataManager)
[2025-12-04 22:52:59,691] INFO [GroupMetadataManager brokerId=1] Scheduling loading of offsets and group metadata from __consumer_offsets-43 (kafka.coordinator.group.GroupMetadataManager)
[2025-12-04 22:52:59,691] INFO [GroupMetadataManager brokerId=1] Scheduling loading of offsets and group metadata from __consumer_offsets-46 (kafka.coordinator.group.GroupMetadataManager)
[2025-12-04 22:52:59,691] INFO [GroupMetadataManager brokerId=1] Scheduling loading of offsets and group metadata from __consumer_offsets-49 (kafka.coordinator.group.GroupMetadataManager)
[2025-12-04 22:52:59,691] INFO [GroupMetadataManager brokerId=1] Scheduling loading of offsets and group metadata from __consumer_offsets-1 (kafka.coordinator.group.GroupMetadataManager)
[2025-12-04 22:52:59,691] INFO [GroupMetadataManager brokerId=1] Scheduling loading of offsets and group metadata from __consumer_offsets-4 (kafka.coordinator.group.GroupMetadataManager)
[2025-12-04 22:52:59,691] INFO [GroupMetadataManager brokerId=1] Scheduling loading of offsets and group metadata from __consumer_offsets-7 (kafka.coordinator.group.GroupMetadataManager)
[2025-12-04 22:52:59,692] INFO [GroupMetadataManager brokerId=1] Scheduling loading of offsets and group metadata from __consumer_offsets-10 (kafka.coordinator.group.GroupMetadataManager)
[2025-12-04 22:52:59,692] INFO [GroupMetadataManager brokerId=1] Scheduling loading of offsets and group metadata from __consumer_offsets-13 (kafka.coordinator.group.GroupMetadataManager)
[2025-12-04 22:52:59,692] INFO [GroupMetadataManager brokerId=1] Scheduling loading of offsets and group metadata from __consumer_offsets-16 (kafka.coordinator.group.GroupMetadataManager)
[2025-12-04 22:52:59,692] INFO [GroupMetadataManager brokerId=1] Scheduling loading of offsets and group metadata from __consumer_offsets-19 (kafka.coordinator.group.GroupMetadataManager)
[2025-12-04 22:52:59,692] INFO [GroupMetadataManager brokerId=1] Finished loading offsets and group metadata from __consumer_offsets-22 in 1 milliseconds. (kafka.coordinator.group.GroupMetadataManager)
[2025-12-04 22:52:59,693] INFO [GroupMetadataManager brokerId=1] Finished loading offsets and group metadata from __consumer_offsets-25 in 0 milliseconds. (kafka.coordinator.group.GroupMetadataManager)
[2025-12-04 22:52:59,693] INFO [GroupMetadataManager brokerId=1] Finished loading offsets and group metadata from __consumer_offsets-28 in 0 milliseconds. (kafka.coordinator.group.GroupMetadataManager)
[2025-12-04 22:52:59,693] INFO [GroupMetadataManager brokerId=1] Finished loading offsets and group metadata from __consumer_offsets-31 in 0 milliseconds. (kafka.coordinator.group.GroupMetadataManager)
[2025-12-04 22:52:59,693] INFO [GroupMetadataManager brokerId=1] Finished loading offsets and group metadata from __consumer_offsets-34 in 0 milliseconds. (kafka.coordinator.group.GroupMetadataManager)
[2025-12-04 22:52:59,693] INFO [GroupMetadataManager brokerId=1] Finished loading offsets and group metadata from __consumer_offsets-37 in 0 milliseconds. (kafka.coordinator.group.GroupMetadataManager)
[2025-12-04 22:52:59,693] INFO [GroupMetadataManager brokerId=1] Finished loading offsets and group metadata from __consumer_offsets-40 in 0 milliseconds. (kafka.coordinator.group.GroupMetadataManager)
[2025-12-04 22:52:59,693] INFO [GroupMetadataManager brokerId=1] Finished loading offsets and group metadata from __consumer_offsets-43 in 0 milliseconds. (kafka.coordinator.group.GroupMetadataManager)
[2025-12-04 22:52:59,693] INFO [GroupMetadataManager brokerId=1] Finished loading offsets and group metadata from __consumer_offsets-46 in 0 milliseconds. (kafka.coordinator.group.GroupMetadataManager)
[2025-12-04 22:52:59,693] INFO [GroupMetadataManager brokerId=1] Finished loading offsets and group metadata from __consumer_offsets-49 in 0 milliseconds. (kafka.coordinator.group.GroupMetadataManager)
[2025-12-04 22:52:59,693] INFO [GroupMetadataManager brokerId=1] Finished loading offsets and group metadata from __consumer_offsets-1 in 0 millis[2025-12-04 22:52:59,721] INFO [GroupCoordinator 2]: Preparing to rebalance group first-group in state PreparingRebalance with old generation 0 (__consumer_offsets-8) (reason: Adding new member consumer-first-group-1-04e31f33-a169-439a-bf80-d147a93c9ce9 with group instance id None) (kafka.coordinator.group.GroupCoordinator)
[2025-12-04 22:52:59,723] INFO [GroupCoordinator 2]: Stabilized group first-group generation 1 (__consumer_offsets-8) (kafka.coordinator.group.GroupCoordinator)
[2025-12-04 22:52:59,727] INFO [GroupCoordinator 2]: Assignment received from leader for group first-group for generation 1 (kafka.coordinator.group.GroupCoordinator)
[2025-12-04 22:53:26,187] INFO [GroupCoordinator 2]: Member[group.instance.id None, member.id consumer-first-group-1-04e31f33-a169-439a-bf80-d147a93c9ce9] in group first-group has left, removing it from the group (kafka.coordinator.group.GroupCoordinator)
[2025-12-04 22:53:26,189] INFO [GroupCoordinator 2]: Prep[2025-12-04 22:56:13,429] INFO [GroupMetadataManager brokerId=0] Removed 0 expired offsets in 2 milliseconds. (kafka.coordinator.group.GroupMetadataManager)
[2025-12-04 23:06:13,423] INFO [GroupMetadataManager brokerId=0] Removed 0 expired offsets in 0 milliseconds. (kafka.coordinator.group.GroupMetadataManager)
[2025-12-04 23:16:13,428] INFO [GroupMetadataManager brokerId=0] Removed 0 expired offsets in 1 milliseconds. (kafka.coordinator.group.GroupMetadataManager)
[2025-12-04 23:26:13,428] INFO [GroupMetadataManager brokerId=0] Removed 0 expired offsets in 1 milliseconds. (kafka.coordinator.group.GroupMetadataManager)
[2025-12-04 23:36:13,424] INFO [GroupMetadataManager brokerId=0] Removed 0 expired offsets in 0 milliseconds. (kafka.coordinator.group.GroupMetadataManager)
[2025-12-04 23:46:13,428] INFO [GroupMetadataManager brokerId=0] Removed 0 expired offsets in 0 milliseconds. (kafka.coordinator.group.GroupMetadataManager)
[2025-12-04 23:56:13,423] INFO [GroupMetadataManager brokerId=0] Removed 0 expired offsets in 0 milliseconds. (kafka.coordinator.group.GroupMetadataManager)
[2025-12-05 00:06:13,426] INFO [GroupMetadataManager brokerId=0] Removed 0 expired offsets in 0 milliseconds. (kafka.coordinator.group.GroupMetadataManager)
[2025-12-05 00:16:13,427] INFO [GroupMetadataManager brokerId=0] Removed 0 expired offsets in 1 milliseconds. (kafka.coordinator.group.GroupMetadataManager)
6:17,512] INFO [GroupMetadataManager brokerId=1] Removed 0 expired offsets in 0 milliseconds. (kafka.coordinator.group.GroupMetadataManager)
[2025-12-05 00:16:17,517] INFO [GroupMetadataManager brokerId=1] Removed 0 expired offsets in 0 milliseconds. (kafka.coordinator.group.GroupMetadataManager)
irst-group has left, removing it from the group (kafka.coordinator.group.GroupCoordinator)
[2025-12-04 23:26:17,596] INFO [GroupCoordinator 2]: Preparing to rebalance group first-group in state PreparingRebalance with old generation 3 (__consumer_offsets-8) (reason: removing member consumer-first-group-1-2f8e92d2-b538-40f3-973c-2edcb0055bb8 on LeaveGroup) (kafka.coordinator.group.GroupCoordinator)
[2025-12-04 23:26:17,596] INFO [GroupCoordinator 2]: Group first-group with generation 4 is now empty (__consumer_offsets-8) (kafka.coordinator.group.GroupCoordinator)
[2025-12-04 23:27:02,119] INFO [GroupCoordinator 2]: Preparing to rebalance group first-group in state PreparingRebalance with old generation 4 (__consumer_offsets-8) (reason: Adding new member consumer-first-group-1-5ac3918d-d97a-419c-9244-207d600803ab with group instance id None) (kafka.coordinator.group.GroupCoordinator)
[2025-12-04 23:27:02,120] INFO [GroupCoordinator 2]: Stabilized group first-group generation 5 (__consumer_offsets-8) (kafka.coordinator.group.GroupCoordinator)
[2025-12-04 23:27:02,121] INFO [GroupCoordinator 2]: Assignment received from leader for group first-group for generation 5 (kafka.coordinator.group.GroupCoordinator)
[2025-12-04 23:29:14,563] INFO [GroupMetadataManager brokerId=2] Removed 0 expired offsets in 0 milliseconds. (kafka.coordinator.group.GroupMetadataManager)
[2025-12-04 23:39:14,565] INFO [GroupMetadataManager brokerId=2] Removed 0 expired offsets in 1 milliseconds. (kafka.coordinator.group.GroupMetadataManager)
[2025-12-04 23:49:14,565] INFO [GroupMetadataManager brokerId=2] Removed 0 expired offsets in 0 milliseconds. (kafka.coordinator.group.GroupMetadataManager)
[2025-12-04 23:59:14,562] INFO [GroupMetadataManager brokerId=2] Removed 0 expired offsets in 0 milliseconds. (kafka.coordinator.group.GroupMetadataManager)
[2025-12-05 00:09:14,559] INFO [GroupMetadataManager brokerId=2] Removed 0 expired offsets in 0 milliseconds. (kafka.coordinator.group.GroupMetadataManager)
[2025-12-05 00:19:14,563] INFO [GroupMetadataManager brokerId=2] Removed 0 expired offsets in 0 milliseconds. (kafka.coordinator.group.GroupMetadataManager)
