[2025-12-04 22:00:25,629] INFO Reading configuration from: zookeeper.properties (org.apache.zookeeper.server.quorum.QuorumPeerConfig)
[2025-12-04 22:00:25,629] WARN zookeeper.properties is relative. Prepend ./ to indicate that you're sure! (org.apache.zookeeper.server.quorum.QuorumPeerConfig)
[2025-12-04 22:00:25,630] INFO clientPortAddress is 0.0.0.0:2181 (org.apache.zookeeper.server.quorum.QuorumPeerConfig)
[2025-12-04 22:00:25,630] INFO secureClientPort is not set (org.apache.zookeeper.server.quorum.QuorumPeerConfig)
[2025-12-04 22:00:25,632] ERROR Invalid configuration, only one server specified (ignoring) (org.apache.zookeeper.server.quorum.QuorumPeerConfig)
[2025-12-04 22:00:25,632] INFO autopurge.snapRetainCount set to 3 (org.apache.zookeeper.server.DatadirCleanupManager)
[2025-12-04 22:00:25,633] INFO autopurge.purgeInterval set to 0 (org.apache.zookeeper.server.DatadirCleanupManager)
[2025-12-04 22:00:25,633] INFO Purge task is not scheduled. (org.apache.zookeeper.server.DatadirCleanupManager)
[2025-12-04 22:00:25,633] WARN Either no config or no quorum defined in config, running  in standalone mode (org.apache.zookeeper.server.quorum.QuorumPeerMain)
[2025-12-04 22:00:25,634] INFO Log4j 1.2 jmx support found and enabled. (org.apache.zookeeper.jmx.ManagedUtil)
[2025-12-04 22:00:25,639] INFO Reading configuration from: zookeeper.properties (org.apache.zookeeper.server.quorum.QuorumPeerConfig)
[2025-12-04 22:00:25,639] WARN zookeeper.properties is relative. Prepend ./ to indicate that you're sure! (org.apache.zookeeper.server.quorum.QuorumPeerConfig)
[2025-12-04 22:00:25,639] INFO clientPortAddress is 0.0.0.0:2181 (org.apache.zookeeper.server.quorum.QuorumPeerConfig)
[2025-12-04 22:00:25,639] INFO secureClientPort is not set (org.apache.zookeeper.server.quorum.QuorumPeerConfig)
[2025-12-04 22:00:25,639] ERROR Invalid configuration, only one server specified (ignoring) (org.apache.zookeeper.server.quorum.QuorumPeerConfig)
[2025-12-04 22:00:25,640] INFO Starting server (org.apache.zookeeper.server.ZooKeeperServerMain)
[2025-12-04 22:00:25,640] INFO zookeeper.snapshot.trust.empty : false (org.apache.zookeeper.server.persistence.FileTxnSnapLog)
[2025-12-04 22:00:25,646] INFO Server environment:zookeeper.version=3.5.8-f439ca583e70862c3068a1f2a7d4d068eec33315, built on 05/04/2020 15:53 GMT (org.apache.zookeeper.server.ZooKeeperServer)
[2025-12-04 22:00:25,646] INFO Server environment:host.name=192.168.1.4 (org.apache.zookeeper.server.ZooKeeperServer)
[2025-12-04 22:00:25,646] INFO Server environment:java.version=23.0.2 (org.apache.zookeeper.server.ZooKeeperServer)
[2025-12-04 22:00:25,646] INFO Server environment:java.vendor=Azul Systems, Inc. (org.apache.zookeeper.server.ZooKeeperServer)
[2025-12-04 22:00:25,646] INFO Server environment:java.home=/Users/vishnu/Library/Java/JavaVirtualMachines/azul-23.0.2/Contents/Home (org.apache.zookeeper.server.ZooKeeperServer)
[2025-12-04 22:00:25,646] INFO Server environment:java.class.path=/Users/vishnu/IdeaProjects/kafka/bin/../libs/activation-1.1.1.jar:/Users/vishnu/IdeaProjects/kafka/bin/../libs/aopalliance-repackaged-2.5.0.jar:/Users/vishnu/IdeaProjects/kafka/bin/../libs/argparse4j-0.7.0.jar:/Users/vishnu/IdeaProjects/kafka/bin/../libs/audience-annotations-0.5.0.jar:/Users/vishnu/IdeaProjects/kafka/bin/../libs/commons-cli-1.4.jar:/Users/vishnu/IdeaProjects/kafka/bin/../libs/commons-lang3-3.8.1.jar:/Users/vishnu/IdeaProjects/kafka/bin/../libs/connect-api-2.5.1.jar:/Users/vishnu/IdeaProjects/kafka/bin/../libs/connect-basic-auth-extension-2.5.1.jar:/Users/vishnu/IdeaProjects/kafka/bin/../libs/connect-file-2.5.1.jar:/Users/vishnu/IdeaProjects/kafka/bin/../libs/connect-json-2.5.1.jar:/Users/vishnu/IdeaProjects/kafka/bin/../libs/connect-mirror-2.5.1.jar:/Users/vishnu/IdeaProjects/kafka/bin/../libs/connect-mirror-client-2.5.1.jar:/Users/vishnu/IdeaProjects/kafka/bin/../libs/connect-runtime-2.5.1.jar:/Users/vishnu/IdeaProjects/kafka/bin/../libs/connect-transforms-2.5.1.jar:/Users/vishnu/IdeaProjects/kafka/bin/../libs/hk2-api-2.5.0.jar:/Users/vishnu/IdeaProjects/kafka/bin/../libs/hk2-locator-2.5.0.jar:/Users/vishnu/IdeaProjects/kafka/bin/../libs/hk2-utils-2.5.0.jar:/Users/vishnu/IdeaProjects/kafka/bin/../libs/jackson-annotations-2.10.2.jar:/Users/vishnu/IdeaProjects/kafka/bin/../libs/jackson-core-2.10.2.jar:/Users/vishnu/IdeaProjects/kafka/bin/../libs/jackson-databind-2.10.2.jar:/Users/vishnu/IdeaProjects/kafka/bin/../libs/jackson-dataformat-csv-2.10.2.jar:/Users/vishnu/IdeaProjects/kafka/bin/../libs/jackson-datatype-jdk8-2.10.2.jar:/Users/vishnu/IdeaProjects/kafka/bin/../libs/jackson-jaxrs-base-2.10.2.jar:/Users/vishnu/IdeaProjects/kafka/bin/../libs/jackson-jaxrs-json-provider-2.10.2.jar:/Users/vishnu/IdeaProjects/kafka/bin/../libs/jackson-module-jaxb-annotations-2.10.2.jar:/Users/vishnu/IdeaProjects/kafka/bin/../libs/jackson-module-paranamer-2.10.2.jar:/Users/vishnu/IdeaProjects/kafka/bin/../libs/jackson-module-scala_2.12-2.10.2.jar:/Users/vishnu/IdeaProjects/kafka/bin/../libs/jakarta.activation-api-1.2.1.jar:/Users/vishnu/IdeaProjects/kafka/bin/../libs/jakarta.annotation-api-1.3.4.jar:/Users/vishnu/IdeaProjects/kafka/bin/../libs/jakarta.inject-2.5.0.jar:/Users/vishnu/IdeaProjects/kafka/bin/../libs/jakarta.ws.rs-api-2.1.5.jar:/Users/vishnu/IdeaProjects/kafka/bin/../libs/jakarta.xml.bind-api-2.3.2.jar:/Users/vishnu/IdeaProjects/kafka/bin/../libs/javassist-3.22.0-CR2.jar:/Users/vishnu/IdeaProjects/kafka/bin/../libs/javassist-3.26.0-GA.jar:/Users/vishnu/IdeaProjects/kafka/bin/../libs/javax.servlet-api-3.1.0.jar:/Users/vishnu/IdeaProjects/kafka/bin/../libs/javax.ws.rs-api-2.1.1.jar:/Users/vishnu/IdeaProjects/kafka/bin/../libs/jaxb-api-2.3.0.jar:/Users/vishnu/IdeaProjects/kafka/bin/../libs/jersey-client-2.28.jar:/Users/vishnu/IdeaProjects/kafka/bin/../libs/jersey-common-2.28.jar:/Users/vishnu/IdeaProjects/kafka/bin/../libs/jersey-container-servlet-2.28.jar:/Users/vishnu/IdeaProjects/kafka/bin/../libs/jersey-container-servlet-core-2.28.jar:/Users/vishnu/IdeaProjects/kafka/bin/../libs/jersey-hk2-2.28.jar:/Users/vishnu/IdeaProjects/kafka/bin/../libs/jersey-media-jaxb-2.28.jar:/Users/vishnu/IdeaProjects/kafka/bin/../libs/jersey-server-2.28.jar:/Users/vishnu/IdeaProjects/kafka/bin/../libs/jetty-client-9.4.24.v20191120.jar:/Users/vishnu/IdeaProjects/kafka/bin/../libs/jetty-continuation-9.4.24.v20191120.jar:/Users/vishnu/IdeaProjects/kafka/bin/../libs/jetty-http-9.4.24.v20191120.jar:/Users/vishnu/IdeaProjects/kafka/bin/../libs/jetty-io-9.4.24.v20191120.jar:/Users/vishnu/IdeaProjects/kafka/bin/../libs/jetty-security-9.4.24.v20191120.jar:/Users/vishnu/IdeaProjects/kafka/bin/../libs/jetty-server-9.4.24.v20191120.jar:/Users/vishnu/IdeaProjects/kafka/bin/../libs/jetty-servlet-9.4.24.v20191120.jar:/Users/vishnu/IdeaProjects/kafka/bin/../libs/jetty-servlets-9.4.24.v20191120.jar:/Users/vishnu/IdeaProjects/kafka/bin/../libs/jetty-util-9.4.24.v20191120.jar:/Users/vishnu/IdeaProjects/kafka/bin/../libs/jopt-simple-5.0.4.jar:/Users/vishnu/IdeaProjects/kafka/bin/../libs/kafka-clients-2.5.1.jar:/Users/vishnu/IdeaProjects/kafka/bin/../libs/kafka-log4j-appender-2.5.1.jar:/Users/vishnu/IdeaProjects/kafka/bin/../libs/kafka-streams-2.5.1.jar:/Users/vishnu/IdeaProjects/kafka/bin/../libs/kafka-streams-examples-2.5.1.jar:/Users/vishnu/IdeaProjects/kafka/bin/../libs/kafka-streams-scala_2.12-2.5.1.jar:/Users/vishnu/IdeaProjects/kafka/bin/../libs/kafka-streams-test-utils-2.5.1.jar:/Users/vishnu/IdeaProjects/kafka/bin/../libs/kafka-tools-2.5.1.jar:/Users/vishnu/IdeaProjects/kafka/bin/../libs/kafka_2.12-2.5.1-sources.jar:/Users/vishnu/IdeaProjects/kafka/bin/../libs/kafka_2.12-2.5.1.jar:/Users/vishnu/IdeaProjects/kafka/bin/../libs/log4j-1.2.17.jar:/Users/vishnu/IdeaProjects/kafka/bin/../libs/lz4-java-1.7.1.jar:/Users/vishnu/IdeaProjects/kafka/bin/../libs/maven-artifact-3.6.3.jar:/Users/vishnu/IdeaProjects/kafka/bin/../libs/metrics-core-2.2.0.jar:/Users/vishnu/IdeaProjects/kafka/bin/../libs/netty-buffer-4.1.50.Final.jar:/Users/vishnu/IdeaProjects/kafka/bin/../libs/netty-codec-4.1.50.Final.jar:/Users/vishnu/IdeaProjects/kafka/bin/../libs/netty-common-4.1.50.Final.jar:/Users/vishnu/IdeaProjects/kafka/bin/../libs/netty-handler-4.1.50.Final.jar:/Users/vishnu/IdeaProjects/kafka/bin/../libs/netty-resolver-4.1.50.Final.jar:/Users/vishnu/IdeaProjects/kafka/bin/../libs/netty-transport-4.1.50.Final.jar:/Users/vishnu/IdeaProjects/kafka/bin/../libs/netty-transport-native-epoll-4.1.50.Final.jar:/Users/vishnu/IdeaProjects/kafka/bin/../libs/netty-transport-native-unix-common-4.1.50.Final.jar:/Users/vishnu/IdeaProjects/kafka/bin/../libs/osgi-resource-locator-1.0.1.jar:/Users/vishnu/IdeaProjects/kafka/bin/../libs/paranamer-2.8.jar:/Users/vishnu/IdeaProjects/kafka/bin/../libs/plexus-utils-3.2.1.jar:/Users/vishnu/IdeaProjects/kafka/bin/../libs/reflections-0.9.12.jar:/Users/vishnu/IdeaProjects/kafka/bin/../libs/rocksdbjni-5.18.3.jar:/Users/vishnu/IdeaProjects/kafka/bin/../libs/scala-collection-compat_2.12-2.1.3.jar:/Users/vishnu/IdeaProjects/kafka/bin/../libs/scala-java8-compat_2.12-0.9.0.jar:/Users/vishnu/IdeaProjects/kafka/bin/../libs/scala-library-2.12.10.jar:/Users/vishnu/IdeaProjects/kafka/bin/../libs/scala-logging_2.12-3.9.2.jar:/Users/vishnu/IdeaProjects/kafka/bin/../libs/scala-reflect-2.12.10.jar:/Users/vishnu/IdeaProjects/kafka/bin/../libs/slf4j-api-1.7.30.jar:/Users/vishnu/IdeaProjects/kafka/bin/../libs/slf4j-log4j12-1.7.30.jar:/Users/vishnu/IdeaProjects/kafka/bin/../libs/snappy-java-1.1.7.3.jar:/Users/vishnu/IdeaProjects/kafka/bin/../libs/validation-api-2.0.1.Final.jar:/Users/vishnu/IdeaProjects/kafka/bin/../libs/zookeeper-3.5.8.jar:/Users/vishnu/IdeaProjects/kafka/bin/../libs/zookeeper-jute-3.5.8.jar:/Users/vishnu/IdeaProjects/kafka/bin/../libs/zstd-jni-1.4.4-7.jar (org.apache.zookeeper.server.ZooKeeperServer)
[2025-12-04 22:00:25,646] INFO Server environment:java.library.path=/Users/vishnu/Library/Java/Extensions:/Library/Java/Extensions:/Network/Library/Java/Extensions:/System/Library/Java/Extensions:/usr/lib/java:. (org.apache.zookeeper.server.ZooKeeperServer)
[2025-12-04 22:00:25,646] INFO Server environment:java.io.tmpdir=/var/folders/ww/0mpx3_ns10v_j3rkjmqnnjkc0000gn/T/ (org.apache.zookeeper.server.ZooKeeperServer)
[2025-12-04 22:00:25,646] INFO Server environment:java.compiler=<NA> (org.apache.zookeeper.server.ZooKeeperServer)
[2025-12-04 22:00:25,646] INFO Server environment:os.name=Mac OS X (org.apache.zookeeper.server.ZooKeeperServer)
[2025-12-04 22:00:25,646] INFO Server environment:os.arch=aarch64 (org.apache.zookeeper.server.ZooKeeperServer)
[2025-12-04 22:00:25,646] INFO Server environment:os.version=15.6.1 (org.apache.zookeeper.server.ZooKeeperServer)
[2025-12-04 22:00:25,646] INFO Server environment:user.name=vishnu (org.apache.zookeeper.server.ZooKeeperServer)
[2025-12-04 22:00:25,646] INFO Server environment:user.home=/Users/vishnu (org.apache.zookeeper.server.ZooKeeperServer)
[2025-12-04 22:00:25,646] INFO Server environment:user.dir=/Users/vishnu/IdeaProjects/kafka_2.12-2.5.1/config (org.apache.zookeeper.server.ZooKeeperServer)
[2025-12-04 22:00:25,646] INFO Server environment:os.memory.free=493MB (org.apache.zookeeper.server.ZooKeeperServer)
[2025-12-04 22:00:25,646] INFO Server environment:os.memory.max=512MB (org.apache.zookeeper.server.ZooKeeperServer)
[2025-12-04 22:00:25,646] INFO Server environment:os.memory.total=512MB (org.apache.zookeeper.server.ZooKeeperServer)
[2025-12-04 22:00:25,647] INFO minSessionTimeout set to 6000 (org.apache.zookeeper.server.ZooKeeperServer)
[2025-12-04 22:00:25,647] INFO maxSessionTimeout set to 60000 (org.apache.zookeeper.server.ZooKeeperServer)
[2025-12-04 22:00:25,647] INFO Created server with tickTime 3000 minSessionTimeout 6000 maxSessionTimeout 60000 datadir /Users/vishnu/IdeaProjects/kafka/data/zoookeeper/version-2 snapdir /Users/vishnu/IdeaProjects/kafka/data/zoookeeper/version-2 (org.apache.zookeeper.server.ZooKeeperServer)
[2025-12-04 22:00:25,655] INFO Logging initialized @5279ms to org.eclipse.jetty.util.log.Slf4jLog (org.eclipse.jetty.util.log)
[2025-12-04 22:00:25,683] WARN o.e.j.s.ServletContextHandler@6ab778a{/,null,UNAVAILABLE} contextPath ends with /* (org.eclipse.jetty.server.handler.ContextHandler)
[2025-12-04 22:00:25,683] WARN Empty contextPath (org.eclipse.jetty.server.handler.ContextHandler)
[2025-12-04 22:00:25,689] INFO jetty-9.4.24.v20191120; built: 2019-11-20T21:37:49.771Z; git: 363d5f2df3a8a28de40604320230664b9c793c16; jvm 23.0.2+7 (org.eclipse.jetty.server.Server)
[2025-12-04 22:00:25,706] INFO DefaultSessionIdManager workerName=node0 (org.eclipse.jetty.server.session)
[2025-12-04 22:00:25,706] INFO No SessionScavenger set, using defaults (org.eclipse.jetty.server.session)
[2025-12-04 22:00:25,707] INFO node0 Scavenging every 660000ms (org.eclipse.jetty.server.session)
[2025-12-04 22:00:25,711] INFO Started o.e.j.s.ServletContextHandler@6ab778a{/,null,AVAILABLE} (org.eclipse.jetty.server.handler.ContextHandler)
[2025-12-04 22:00:25,718] INFO Started ServerConnector@5b12b668{HTTP/1.1,[http/1.1]}{0.0.0.0:9090} (org.eclipse.jetty.server.AbstractConnector)
[2025-12-04 22:00:25,718] INFO Started @5342ms (org.eclipse.jetty.server.Server)
[2025-12-04 22:00:25,718] INFO Started AdminServer on address 0.0.0.0, port 9090 and command URL /commands (org.apache.zookeeper.server.admin.JettyAdminServer)
[2025-12-04 22:00:25,720] INFO Using org.apache.zookeeper.server.NIOServerCnxnFactory as server connection factory (org.apache.zookeeper.server.ServerCnxnFactory)
[2025-12-04 22:00:25,722] INFO Configuring NIO connection handler with 10s sessionless connection timeout, 2 selector thread(s), 20 worker threads, and 64 kB direct buffers. (org.apache.zookeeper.server.NIOServerCnxnFactory)
[2025-12-04 22:00:25,722] INFO binding to port 0.0.0.0/0.0.0.0:2181 (org.apache.zookeeper.server.NIOServerCnxnFactory)
[2025-12-04 22:00:25,727] INFO zookeeper.snapshotSizeFactor = 0.33 (org.apache.zookeeper.server.ZKDatabase)
[2025-12-04 22:00:25,728] INFO Snapshotting: 0x0 to /Users/vishnu/IdeaProjects/kafka/data/zoookeeper/version-2/snapshot.0 (org.apache.zookeeper.server.persistence.FileTxnSnapLog)
[2025-12-04 22:00:25,730] INFO Snapshotting: 0x0 to /Users/vishnu/IdeaProjects/kafka/data/zoookeeper/version-2/snapshot.0 (org.apache.zookeeper.server.persistence.FileTxnSnapLog)
[2025-12-04 22:00:25,736] INFO Using checkIntervalMs=60000 maxPerMinute=10000 (org.apache.zookeeper.server.ContainerManager)
[2025-12-04 22:11:35,159] INFO Creating new log file: log.1 (org.apache.zookeeper.server.persistence.FileTxnLog)
